procs -----------memory---------- ---swap-- -----io---- -system-- ------cpu----- -----timestamp-----
 r  b   swpd   free   buff  cache   si   so    bi    bo   in   cs us sy id wa st                 EDT
 1  0      0 30753092      0 1285180    0    0    23    12   18   29  0  0 99  0  0 2024-03-18 19:13:16
 1  0      0 31413508      0 816328    0    0 17941   311 2596 2305  1 14 85  0  0 2024-03-18 19:13:17
 7  0      0 31361916      0 840692    0    0  3911  2442 12871 50839 11 18 71  0  0 2024-03-18 19:13:18
 4  0      0 31298372      0 866940    0    0  5033  9709 46148 94676 17 33 50  0  0 2024-03-18 19:13:19
 1  0      0 31229856      0 891000    0    0  3756  8904 43752 93067  9 26 65  0  0 2024-03-18 19:13:20
 3  0      0 31167884      0 913408    0    0  3772  8318 42436 89639  9 25 66  0  0 2024-03-18 19:13:21
 1  0      0 31119548      0 936888    0    0  3513 23513 42232 89627  8 25 66  0  0 2024-03-18 19:13:22
 4  0      0 31054280      0 960812    0    0  3776  8814 45106 96452  9 27 64  0  0 2024-03-18 19:13:23
 6  0      0 30994368      0 977192    0    0  3684  8850 44766 95646  9 27 64  0  0 2024-03-18 19:13:24
 1  0      0 30934172      0 992948    0    0  4476  8687 44705 95618 10 26 64  0  0 2024-03-18 19:13:25
 3  0      0 30909120      0 1008212    0    0  3840 17139 43363 91642  9 28 63  0  0 2024-03-18 19:13:26
 3  0      0 30877872      0 1023948    0    0  3672  8996 46243 98336 10 25 65  0  0 2024-03-18 19:13:27
 3  0      0 30828160      0 1039944    0    0  3336  8817 47735 101999 10 25 64  1  0 2024-03-18 19:13:28
 4  0      0 30790772      0 1054628    0    0  3032 16856 46435 98378  9 27 64  0  0 2024-03-18 19:13:29
 3  0      0 30758024      0 1070900    0    0  4072  9043 49733 104626 10 26 64  0  0 2024-03-18 19:13:30
 2  0      0 30714200      0 1086912    0    0  3504  9002 42408 88158  9 25 65  1  0 2024-03-18 19:13:31
 3  0      0 30656056      0 1102644    0    0  3236  8798 40776 83033  9 26 65  0  0 2024-03-18 19:13:32
 0  0      0 30616616      0 1109064    0    0  4829   340 2920 3766  7  4 89  0  0 2024-03-18 19:13:33
 1  0      0 30660920      0 1112264    0    0  1772    38 1489  716  4  6 90  0  0 2024-03-18 19:13:34
 0  0      0 30660432      0 1112440    0    0   196     0  832  384  3  3 94  0  0 2024-03-18 19:13:35
 0  0      0 30660432      0 1112440    0    0     0     0   58   85  0  0 100  0  0 2024-03-18 19:13:36
procs -----------memory---------- ---swap-- -----io---- -system-- ------cpu----- -----timestamp-----
 r  b   swpd   free   buff  cache   si   so    bi    bo   in   cs us sy id wa st                 EDT
 0  0      0 30660432      0 1112440    0    0     0     0   64  103  0  0 100  0  0 2024-03-18 19:13:37
 0  0      0 30660432      0 1112440    0    0     0     0   72   86  0  0 100  0  0 2024-03-18 19:13:38
 1  0      0 30660432      0 1112440    0    0     0     0   55   81  0  0 100  0  0 2024-03-18 19:13:39
 4  0      0 30631420      0 1115980    0    0   156  4165 29539 60621  6 15 79  0  0 2024-03-18 19:13:40
 4  0      0 30606848      0 1116348    0    0     0  9948 67037 141003 11 28 60  0  0 2024-03-18 19:13:41
 4  0      0 30606848      0 1116952    0    0     0 10299 69055 147163 11 26 63  0  0 2024-03-18 19:13:42
 3  0      0 30613548      0 1118040    0    0     0 24247 56858 119915 11 30 60  0  0 2024-03-18 19:13:43
 2  0      0 30609172      0 1118612    0    0     0 10477 68122 144463 11 28 61  0  0 2024-03-18 19:13:44
 1  0      0 30590240      0 1117920    0    0     0  9446 68618 145739 11 26 63  0  0 2024-03-18 19:13:45
 3  0      0 30598520      0 1118540    0    0     0 10168 66866 143254 12 25 64  0  0 2024-03-18 19:13:46
 5  0      0 30600996      0 1097308    0    0    16  9047 45322 110358 18 32 49  0  0 2024-03-18 19:13:47
 4  0      0 30664480      0 1099468    0    0     0 45244 81324 170723 15 37 47  0  0 2024-03-18 19:13:48
 5  0      0 30643180      0 1099496    0    0     0  9745 66396 141216 10 26 63  0  0 2024-03-18 19:13:49
 1  0      0 30691036      0 1090264    0    0     0 10608 58221 126194 12 29 59  0  0 2024-03-18 19:13:50
 5  0      0 30676932      0 1083960    0    0     0 11899 64486 140753 12 30 58  0  0 2024-03-18 19:13:51
 2  0      0 30662488      0 1083996    0    0     0 15242 61596 131690 11 28 60  0  0 2024-03-18 19:13:52
 0  0      0 30665808      0 1084232    0    0     0 11979 61285 133716 12 26 63  0  0 2024-03-18 19:13:53
 0  0      0 30677120      0 1085208    0    0     0   814 5641 12470  1  2 97  0  0 2024-03-18 19:13:54
 0  0      0 30677120      0 1085208    0    0     0     0  130  167  0  0 100  0  0 2024-03-18 19:13:55
 0  0      0 30677120      0 1085208    0    0     0     0  100  155  0  0 100  0  0 2024-03-18 19:13:56
 0  0      0 30677120      0 1085208    0    0     0     0  106  179  0  0 100  0  0 2024-03-18 19:13:57
procs -----------memory---------- ---swap-- -----io---- -system-- ------cpu----- -----timestamp-----
 r  b   swpd   free   buff  cache   si   so    bi    bo   in   cs us sy id wa st                 EDT
 1  0      0 30676620      0 1085208    0    0    72     0  351  237  1  1 98  0  0 2024-03-18 19:13:58
 1  0      0 31407104      0 808968    0    0 18692  9937 3000 2715  2 15 83  0  0 2024-03-18 19:13:59
 3  0      0 31319640      0 826276    0    0  5131  6992 52436 108913 10 29 61  0  0 2024-03-18 19:14:00
 6  0      0 31241640      0 854044    0    0  3052 12400 98910 215150 14 40 46  0  0 2024-03-18 19:14:01
 3  0      0 31163076      0 880068    0    0  1992 12474 98395 213836 13 39 47  0  0 2024-03-18 19:14:02
 5  0      0 31106648      0 907852    0    0  2592 21043 97965 213731 14 40 46  0  0 2024-03-18 19:14:03
 7  0      0 31027416      0 921440    0    0  2952 12262 97774 213147 13 40 46  0  0 2024-03-18 19:14:04
 7  0      0 30984232      0 942016    0    0  2544 20767 96923 210849 13 42 45  0  0 2024-03-18 19:14:05
 3  0      0 30920944      0 961496    0    0  2760 11104 95257 204455 12 39 49  0  0 2024-03-18 19:14:06
 1  0      0 30849636      0 980012    0    0  2768 11905 96098 208740 13 39 48  1  0 2024-03-18 19:14:07
 0  0      0 30827968      0 997788    0    0  2204 20976 95257 204265 13 39 48  0  0 2024-03-18 19:14:08
 3  0      0 30773648      0 1009452    0    0  3453 11763 90664 194989 13 40 47  0  0 2024-03-18 19:14:09
 5  1      0 30719508      0 1026872    0    0  2524 12078 94314 205262 13 37 50  0  0 2024-03-18 19:14:10
 5  0      0 30677168      0 1050312    0    0  3332 22456 82219 180729 14 41 45  0  0 2024-03-18 19:14:11
 4  0      0 30615232      0 1070976    0    0  2176 13016 77214 170991 13 40 47  0  0 2024-03-18 19:14:12
 4  0      0 30570120      0 1082084    0    0  2676 13957 100432 221772 14 39 47  0  0 2024-03-18 19:14:13
 5  0      0 30563568      0 1099636    0    0  1832 46568 71835 153893 12 38 50  0  0 2024-03-18 19:14:14
 4  0      0 30484748      0 1120404    0    0  2112 11919 91735 196477 14 40 45  0  0 2024-03-18 19:14:15
 4  0      0 30469988      0 1135900    0    0  2460 20384 85647 182950 14 36 50  0  0 2024-03-18 19:14:16
 7  0      0 30434176      0 1157152    0    0  2168 10112 70928 144043 19 41 39  0  0 2024-03-18 19:14:17
 6  0      0 30381416      0 1175188    0    0  1836 72986 80241 172031 13 42 46  0  0 2024-03-18 19:14:18
procs -----------memory---------- ---swap-- -----io---- -system-- ------cpu----- -----timestamp-----
 r  b   swpd   free   buff  cache   si   so    bi    bo   in   cs us sy id wa st                 EDT
 4  0      0 30364852      0 1186172    0    0  3020 12014 93150 205821 13 41 47  0  0 2024-03-18 19:14:19
 3  0      0 30302348      0 1206136    0    0  2328 11454 87364 187458 13 41 46  1  0 2024-03-18 19:14:20
 1  0      0 30292452      0 1212872    0    0  3189 15568 47949 98883 11 21 68  0  0 2024-03-18 19:14:21
 0  0      0 30284116      0 1213956    0    0  1636    73  825 1001  3  1 97  0  0 2024-03-18 19:14:22
 1  0      0 30315600      0 1218524    0    0  1776     0 1820  840  5  7 88  0  0 2024-03-18 19:14:23
 0  0      0 30330628      0 1218644    0    0    84     4  606  311  2  2 96  0  0 2024-03-18 19:14:24
 0  0      0 30330544      0 1218684    0    0     0     0  136  199  0  0 100  0  0 2024-03-18 19:14:25
 0  0      0 30330544      0 1218684    0    0     0     0  102  163  0  0 100  0  0 2024-03-18 19:14:26
 0  0      0 30330544      0 1218688    0    0     0     4  103  172  0  0 100  0  0 2024-03-18 19:14:27
 0  0      0 30330544      0 1218688    0    0     0     0   89  157  0  0 100  0  0 2024-03-18 19:14:28
 3  0      0 30308844      0 1223068    0    0    64  6128 43387 88424  7 20 73  0  0 2024-03-18 19:14:29
 2  0      0 30288668      0 1223820    0    0     0 10649 69387 149521 11 27 62  0  0 2024-03-18 19:14:30
 3  0      0 30285544      0 1223352    0    0     0  9678 67251 164280 11 27 62  0  0 2024-03-18 19:14:31
 1  0      0 30270464      0 1223864    0    0     0 10253 60102 136373 12 28 60  0  0 2024-03-18 19:14:32
 3  0      0 30262500      0 1222172    0    0     0  8356 69671 148653 11 24 65  0  0 2024-03-18 19:14:33
 1  0      0 30237908      0 1223656    0    0     0 10757 57566 121854 12 29 58  0  0 2024-03-18 19:14:34
 3  0      0 30230864      0 1224108    0    0     0 10844 62892 140076 12 29 58  0  0 2024-03-18 19:14:35
 4  1      0 30210584      0 1218028    0    0     0 11512 63953 138504 12 30 58  0  0 2024-03-18 19:14:36
 5  0      0 30229248      0 1217824    0    0     0 24014 63375 146179 11 29 60  0  0 2024-03-18 19:14:37
 1  0      0 30226316      0 1224792    0    0     0  9496 61692 139015 12 26 62  0  0 2024-03-18 19:14:38
 4  0      0 30218276      0 1225012    0    0     0  8590 66131 149864 10 23 66  0  0 2024-03-18 19:14:39
procs -----------memory---------- ---swap-- -----io---- -system-- ------cpu----- -----timestamp-----
 r  b   swpd   free   buff  cache   si   so    bi    bo   in   cs us sy id wa st                 EDT
 2  0      0 30183304      0 1224884    0    0     0  9715 70699 148638 12 27 61  0  0 2024-03-18 19:14:40
 4  0      0 30184092      0 1224704    0    0     0  9743 69447 149157 11 25 63  0  0 2024-03-18 19:14:41
 3  0      0 30167400      0 1217216    0    0     0 10825 62693 135583 12 29 59  0  0 2024-03-18 19:14:42
 3  0      0 30161864      0 1224776    0    0     0  9218 69347 161412 10 26 64  0  0 2024-03-18 19:14:43
 6  0      0 30159544      0 1216940    0    0     0 10233 63761 134267 12 28 60  0  0 2024-03-18 19:14:44
 2  0      0 30139472      0 1216832    0    0     0 12508 61143 138536 11 27 61  0  0 2024-03-18 19:14:45
 4  0      0 30200916      0 1217020    0    0     0 24372 66363 140074 12 29 59  0  0 2024-03-18 19:14:46
 4  0      0 30165992      0 1233536    0    0     0 10916 58575 124714 18 31 51  0  0 2024-03-18 19:14:47
 4  0      0 30270432      0 1240620    0    0     0 36831 58925 143675 10 26 64  0  0 2024-03-18 19:14:48
 6  0      0 30258328      0 1232876    0    0     0 10480 68976 151473 11 28 61  0  0 2024-03-18 19:14:49
 9  0      0 30426408      0 1201972    0    0     0 10501 63644 131982 12 31 58  0  0 2024-03-18 19:14:50
 1  0      0 30398744      0 1202780    0    0     0 10802 67292 151258 12 29 59  0  0 2024-03-18 19:14:51
 1  0      0 30384332      0 1202412    0    0     0  9543 63104 142659 10 26 64  0  0 2024-03-18 19:14:52
 3  0      0 30369816      0 1202528    0    0     0  9881 75448 163772 10 25 64  0  0 2024-03-18 19:14:53
 5  1      0 30360928      0 1202408    0    0     0  9885 82114 174697 11 27 62  0  0 2024-03-18 19:14:54
 3  0      0 30374040      0 1201836    0    0     0  9343 66046 147489 11 26 62  0  0 2024-03-18 19:14:55
 4  0      0 30362204      0 1202176    0    0     0 23419 67398 145178 12 30 58  0  0 2024-03-18 19:14:56
 0  0      0 30361700      0 1203504    0    0     0  1825 9513 20185  2  4 95  0  0 2024-03-18 19:14:57
 0  0      0 30360984      0 1203572    0    0     0     0  103  164  0  0 100  0  0 2024-03-18 19:14:58
 0  0      0 30360984      0 1203572    0    0     0     0   95  164  0  0 100  0  0 2024-03-18 19:14:59
 0  0      0 30360984      0 1203572    0    0     0     0  122  154  0  0 100  0  0 2024-03-18 19:15:00
procs -----------memory---------- ---swap-- -----io---- -system-- ------cpu----- -----timestamp-----
 r  b   swpd   free   buff  cache   si   so    bi    bo   in   cs us sy id wa st                 EDT
 3  0      0 30360984      0 1203644    0    0    76     0  183  240  0  0 100  0  0 2024-03-18 19:15:01
 1  0      0 31415572      0 822748    0    0  3780  1470 2550 1553  1 16 82  0  0 2024-03-18 19:15:02
 2  0      0 31322940      0 842000    0    0 18411  2526 24624 49661  6 20 74  0  0 2024-03-18 19:15:03
 3  0      0 31256432      0 864616    0    0  1976 11333 66036 145679 13 38 49  0  0 2024-03-18 19:15:04
 7  0      0 31183616      0 887728    0    0  1604 11768 71418 151736 13 41 46  0  0 2024-03-18 19:15:05
 1  0      0 31118648      0 913400    0    0  1036 21391 77956 171529 14 39 47  0  0 2024-03-18 19:15:06
 5  0      0 31067680      0 929140    0    0   857 11113 72933 156049 12 37 50  0  0 2024-03-18 19:15:07
 4  0      0 30991504      0 945468    0    0  1588 11597 78267 168773 12 40 48  0  0 2024-03-18 19:15:08
 4  0      0 30927716      0 963600    0    0  2060 11534 71596 158285 12 41 46  0  0 2024-03-18 19:15:09
 3  0      0 30910064      0 969800    0    0  1140 22169 70249 155161 12 39 48  0  0 2024-03-18 19:15:10
 1  0      0 30866672      0 986388    0    0  1468 11658 71347 157688 13 40 47  0  0 2024-03-18 19:15:11
 6  0      0 30810616      0 1000392    0    0   812 11620 70827 156394 12 39 49  0  0 2024-03-18 19:15:12
 5  0      0 30782208      0 1016808    0    0  1720 20706 82738 172499 13 42 45  0  0 2024-03-18 19:15:13
 5  0      0 30727324      0 1036604    0    0  1608 12956 71192 159677 13 42 45  0  0 2024-03-18 19:15:14
 5  0      0 30683768      0 1045248    0    0   508 22304 71299 157703 12 44 44  0  0 2024-03-18 19:15:15
 2  0      0 30657056      0 1057396    0    0   368 10866 72936 153256 12 38 50  0  0 2024-03-18 19:15:16
 1  0      0 30643780      0 1042112    0    0  1184  8494 40334 83660 18 37 44  0  0 2024-03-18 19:15:17
 3  0      0 30633984      0 1055624    0    0  1352 78917 67336 142358 16 45 39  0  0 2024-03-18 19:15:18
 5  0      0 30607268      0 1070800    0    0  1096 11525 73654 159791 13 41 46  0  0 2024-03-18 19:15:19
 3  0      0 30584084      0 1086308    0    0  1736 11138 82087 171050 12 37 50  1  0 2024-03-18 19:15:20
 4  0      0 30559596      0 1100276    0    0   976 11359 72024 155240 12 39 48  0  0 2024-03-18 19:15:21
procs -----------memory---------- ---swap-- -----io---- -system-- ------cpu----- -----timestamp-----
 r  b   swpd   free   buff  cache   si   so    bi    bo   in   cs us sy id wa st                 EDT
 1  0      0 30488492      0 1117488    0    0  1856 22168 77622 162055 13 44 43  0  0 2024-03-18 19:15:22
 3  0      0 30430896      0 1123008    0    0   848 11197 91074 189986 12 38 49  0  0 2024-03-18 19:15:23
 6  0      0 30382392      0 1138748    0    0  1496 11716 74193 158118 12 39 49  0  0 2024-03-18 19:15:24
 9  0      0 30357940      0 1155324    0    0  1580 21076 74289 153745 12 42 46  0  0 2024-03-18 19:15:25
 8  0      0 30307264      0 1173916    0    0  1652 12943 73530 162389 14 39 47  0  0 2024-03-18 19:15:26
 1  0      0 30231436      0 1184192    0    0  1176 12568 80864 170228 12 43 45  0  0 2024-03-18 19:15:27
 2  0      0 30207508      0 1202568    0    0  2028 22575 75075 167441 13 40 47  0  0 2024-03-18 19:15:28
 6  0      0 30169352      0 1218756    0    0  1084 12481 73590 164929 13 40 47  0  0 2024-03-18 19:15:29
 6  0      0 30131532      0 1233704    0    0  1120 49152 69465 151071 12 39 49  0  0 2024-03-18 19:15:30
 3  0      0 30091400      0 1250312    0    0  1420 11619 83182 170001 13 39 48  0  0 2024-03-18 19:15:31
 4  0      0 30086916      0 1255556    0    0   452 11315 72049 153506 12 39 48  0  0 2024-03-18 19:15:32
 2  0      0 30069988      0 1268748    0    0   852 19683 68100 153298 11 38 50  0  0 2024-03-18 19:15:33
 4  0      0 30016532      0 1279920    0    0   792  9131 56211 186713 11 33 56  0  0 2024-03-18 19:15:34
 1  0      0 29967864      0 1289940    0    0   144  9263 56935 190435 11 33 57  0  0 2024-03-18 19:15:35
 4  0      0 29919324      0 1301684    0    0  1280  9659 65279 178570 12 35 53  0  0 2024-03-18 19:15:36
 2  0      0 29884412      0 1316064    0    0  1808 51759 62904 129284 12 39 49  0  0 2024-03-18 19:15:37
 4  0      0 29845028      0 1331808    0    0  1464 11673 83418 175264 13 40 46  0  0 2024-03-18 19:15:38
 2  0      0 29824108      0 1346732    0    0   940 11629 82670 175028 13 38 49  0  0 2024-03-18 19:15:39
 6  0      0 29794444      0 1365152    0    0  1520 22201 74344 162736 12 40 47  0  0 2024-03-18 19:15:40
 3  0      0 29732208      0 1372964    0    0   480 12699 70553 156032 13 41 46  0  0 2024-03-18 19:15:41
 5  0      0 29679372      0 1387856    0    0   536 11758 75361 163483 13 40 47  0  0 2024-03-18 19:15:42
procs -----------memory---------- ---swap-- -----io---- -system-- ------cpu----- -----timestamp-----
 r  b   swpd   free   buff  cache   si   so    bi    bo   in   cs us sy id wa st                 EDT
 6  0      0 29655460      0 1402848    0    0  1232 47997 67179 145745 12 41 47  0  0 2024-03-18 19:15:43
 5  0      0 29608628      0 1422616    0    0  1732 12622 68353 154522 12 43 45  0  0 2024-03-18 19:15:44
 4  0      0 29530376      0 1433348    0    0  1424 12579 71969 161282 13 41 45  0  0 2024-03-18 19:15:45
 4  0      0 29521868      0 1446880    0    0   528 22598 65644 144046 13 39 49  0  0 2024-03-18 19:15:46
 2  0      0 29474588      0 1463060    0    0   125  8819 48778 101523 18 32 49  0  0 2024-03-18 19:15:47
 1  0      0 29459208      0 1467888    0    0  4672  2937 1849 2169  6  3 91  0  0 2024-03-18 19:15:48
 1  0      0 29521832      0 1469312    0    0  1156 60605 2012  711  3  7 90  0  0 2024-03-18 19:15:49
 0  0      0 29538980      0 1475736    0    0   780     0 1340  860  5  4 90  0  0 2024-03-18 19:15:50
 0  0      0 29538980      0 1475736    0    0     0     0  131  192  0  0 100  0  0 2024-03-18 19:15:51
 0  0      0 29538728      0 1475736    0    0     0     4  116  169  0  0 100  0  0 2024-03-18 19:15:52
 0  0      0 29538728      0 1475736    0    0     0     0  116  183  0  0 100  0  0 2024-03-18 19:15:53
 0  0      0 29538728      0 1475736    0    0     0     0  103  166  0  0 100  0  0 2024-03-18 19:15:54
 4  0      0 29530816      0 1476808    0    0    64  1230 13333 25747  2  6 92  0  0 2024-03-18 19:15:55
 5  0      0 29530028      0 1477804    0    0     0 11110 60311 129912 13 30 58  0  0 2024-03-18 19:15:56
 4  0      0 29502464      0 1476852    0    0     0  9439 69338 145920 11 26 63  0  0 2024-03-18 19:15:57
 1  0      0 29492952      0 1476968    0    0     0  9870 62013 133939 11 27 62  0  0 2024-03-18 19:15:58
 0  0      0 29479220      0 1476644    0    0     0  9579 65550 150401 11 25 64  0  0 2024-03-18 19:15:59
 1  0      0 29466540      0 1475960    0    0     0  9619 62369 138669 11 26 63  0  0 2024-03-18 19:16:00
 4  0      0 29455212      0 1475576    0    0     0  9561 69177 145683 12 26 62  0  0 2024-03-18 19:16:01
 1  0      0 29447948      0 1474840    0    0     0  9539 67473 142625 12 27 61  0  0 2024-03-18 19:16:02
 7  0      0 29453584      0 1474756    0    0     0 23182 69547 144354 11 28 61  0  0 2024-03-18 19:16:03
procs -----------memory---------- ---swap-- -----io---- -system-- ------cpu----- -----timestamp-----
 r  b   swpd   free   buff  cache   si   so    bi    bo   in   cs us sy id wa st                 EDT
 3  0      0 29441164      0 1475180    0    0     0 10500 64008 138394 12 29 59  0  0 2024-03-18 19:16:04
 0  0      0 29417216      0 1475312    0    0     0 10253 60402 139152 13 27 60  0  0 2024-03-18 19:16:05
 3  0      0 29418228      0 1474656    0    0     0  9868 71953 153695 11 27 62  0  0 2024-03-18 19:16:06
 5  0      0 29401340      0 1474664    0    0     0 10057 66091 142450 12 27 61  0  0 2024-03-18 19:16:07
 3  0      0 29385436      0 1474512    0    0     0 10061 56092 118404 12 30 58  0  0 2024-03-18 19:16:08
 5  0      0 29370492      0 1474892    0    0     0  9738 62704 133759 11 27 61  0  0 2024-03-18 19:16:09
 2  0      0 29346524      0 1474660    0    0     0  9855 57873 121847 11 29 60  0  0 2024-03-18 19:16:10
 0  0      0 29470480      0 1452492    0    0     0 22350 60061 127626 11 28 61  0  0 2024-03-18 19:16:11
 2  0      0 29457320      0 1451964    0    0     0  9302 61180 130535 11 25 63  0  0 2024-03-18 19:16:12
 1  0      0 29460352      0 1452960    0    0     0 11142 65499 138421 12 29 59  0  0 2024-03-18 19:16:13
 4  0      0 29441920      0 1452520    0    0     0 10642 66435 141999 12 30 58  0  0 2024-03-18 19:16:14
 3  0      0 29441448      0 1451748    0    0     0  9266 66905 139781 11 25 64  0  0 2024-03-18 19:16:15
 1  0      0 29440048      0 1451848    0    0     0 10344 57057 123841 12 28 59  0  0 2024-03-18 19:16:16
 6  0      0 29469152      0 1467944    0    0     0 21856 61725 129590 18 34 48  0  0 2024-03-18 19:16:17
 4  0      0 29458160      0 1467312    0    0     0 11357 65110 138245 13 28 59  0  0 2024-03-18 19:16:18
 3  1      0 29534968      0 1465848    0    0     0 25889 65984 141101 11 27 62  0  0 2024-03-18 19:16:19
 4  0      0 29507660      0 1465160    0    0     0  9236 60290 129701 11 27 62  0  0 2024-03-18 19:16:20
 3  0      0 29683072      0 1408280    0    0     0  8797 61409 129728 12 28 60  0  0 2024-03-18 19:16:21
 4  0      0 29664500      0 1407400    0    0     0  9386 65888 155912 11 26 63  0  0 2024-03-18 19:16:22
 4  0      0 29649664      0 1406856    0    0     0 15135 73687 174231 11 25 63  0  0 2024-03-18 19:16:23
 3  0      0 29647696      0 1407780    0    0     0 11400 73700 159930 12 27 60  0  0 2024-03-18 19:16:24
procs -----------memory---------- ---swap-- -----io---- -system-- ------cpu----- -----timestamp-----
 r  b   swpd   free   buff  cache   si   so    bi    bo   in   cs us sy id wa st                 EDT
 3  0      0 29629688      0 1407248    0    0     0  9578 64824 143752 12 29 59  0  0 2024-03-18 19:16:25
 6  0      0 29644072      0 1407140    0    0     0 20889 66066 154099 11 28 61  0  0 2024-03-18 19:16:26
 4  0      0 29623800      0 1405424    0    0     0  7992 53360 170030  9 23 67  0  0 2024-03-18 19:16:27
 1  0      0 29610124      0 1404648    0    0     0  9114 62230 140984 11 26 63  0  0 2024-03-18 19:16:28
 5  0      0 29587968      0 1403684    0    0     0  9248 64085 157112 10 26 64  0  0 2024-03-18 19:16:29
 3  0      0 29603244      0 1403152    0    0     0  9087 69198 149843 10 24 65  0  0 2024-03-18 19:16:30
 4  0      0 29582516      0 1402232    0    0     0  9125 59730 147117 11 24 64  0  0 2024-03-18 19:16:31
 4  0      0 29584120      0 1401152    0    0     0  9269 70972 150227 11 25 64  0  0 2024-03-18 19:16:32
 4  0      0 29569668      0 1400916    0    0     0  9487 79772 167571 11 26 63  0  0 2024-03-18 19:16:33
 2  0      0 29673032      0 1401428    0    0     0 23005 78863 169810 13 31 56  0  0 2024-03-18 19:16:34
 5  0      0 29678544      0 1400692    0    0     0  8932 67673 145481 12 25 63  0  0 2024-03-18 19:16:35
 0  0      0 29655140      0 1399644    0    0     0  9462 63769 178826 11 26 63  0  0 2024-03-18 19:16:36
 5  1      0 29695732      0 1375648    0    0     0  9563 66580 139876 12 29 60  0  0 2024-03-18 19:16:37
 4  0      0 29696524      0 1375284    0    0     0  9308 71421 156229 12 24 64  0  0 2024-03-18 19:16:38
 3  0      0 29696704      0 1374240    0    0     0  9959 71866 151656 12 28 60  0  0 2024-03-18 19:16:39
 3  0      0 29667296      0 1373672    0    0     0  9308 68799 142467 11 26 63  0  0 2024-03-18 19:16:40
 5  0      0 29664740      0 1373184    0    0     0  9889 77580 164140 12 27 61  0  0 2024-03-18 19:16:41
 5  0      0 29783312      0 1373068    0    0     0 22820 64621 137750 11 30 59  0  0 2024-03-18 19:16:42
 3  0      0 29839384      0 1353632    0    0     0 10510 69702 150965 11 30 59  0  0 2024-03-18 19:16:43
 3  0      0 29816444      0 1352280    0    0     0  9123 67040 149504 11 25 64  0  0 2024-03-18 19:16:44
 7  0      0 29823108      0 1352172    0    0     0  9683 69273 147614 11 27 62  0  0 2024-03-18 19:16:45
procs -----------memory---------- ---swap-- -----io---- -system-- ------cpu----- -----timestamp-----
 r  b   swpd   free   buff  cache   si   so    bi    bo   in   cs us sy id wa st                 EDT
 7  0      0 29798620      0 1351648    0    0     0  9632 58247 141285 12 24 63  0  0 2024-03-18 19:16:46
 5  0      0 30203392      0 1325196    0    0     0 18217 46858 94745 19 36 45  0  0 2024-03-18 19:16:47
 3  0      0 30314156      0 1286900    0    0     0 10918 68316 148647 13 33 54  0  0 2024-03-18 19:16:48
 7  0      0 30397924      0 1278236    0    0     0 18719 62255 130053 12 31 57  0  0 2024-03-18 19:16:49
 0  0      0 30408740      0 1277356    0    0     0  9453 70522 146598 10 26 63  0  0 2024-03-18 19:16:50
 3  0      0 30551584      0 1276488    0    0     0 13428 70629 153114 12 30 58  0  0 2024-03-18 19:16:51
 0  0      0 30576652      0 1281032    0    0     0  5493 53406 111960  7 14 79  0  0 2024-03-18 19:16:52
 0  0      0 30576748      0 1281032    0    0     0     0  114  179  0  0 100  0  0 2024-03-18 19:16:53
 0  0      0 30619560      0 1259112    0    0     0     0  214  206  0  1 99  0  0 2024-03-18 19:16:54
 0  0      0 30619560      0 1259112    0    0     0     0  121  191  0  0 100  0  0 2024-03-18 19:16:55
 0  0      0 30619560      0 1259112    0    0     0     0  104  159  0  0 100  0  0 2024-03-18 19:16:56
 1  0      0 31144464      0 1013880    0    0    76  2458 1458  875  1  9 90  0  0 2024-03-18 19:16:57
 9  0      0 31404908      0 810776    0    0 19755   133 3291 3268  3 12 85  0  0 2024-03-18 19:16:58
 5  0      0 31324572      0 832060    0    0  3424 10851 79546 163487 12 41 47  0  0 2024-03-18 19:16:59
 4  0      0 31247976      0 852996    0    0  1056 10204 74393 153838 13 35 52  0  0 2024-03-18 19:17:00
 2  0      0 31174680      0 871224    0    0   228  9825 86894 178903 12 36 52  0  0 2024-03-18 19:17:01
 3  0      0 31125560      0 888892    0    0  1172 19987 76225 168343 11 35 53  0  0 2024-03-18 19:17:02
 5  0      0 31057344      0 904744    0    0  1213 11755 79639 166301 13 40 47  0  0 2024-03-18 19:17:03
 8  1      0 31017016      0 916956    0    0   344 11534 86722 175005 13 40 47  0  0 2024-03-18 19:17:04
 6  0      0 30946692      0 930264    0    0   520 10901 72115 150360 13 39 48  0  0 2024-03-18 19:17:05
 5  0      0 30950064      0 940964    0    0   148 21354 72345 152576 12 36 52  0  0 2024-03-18 19:17:06
procs -----------memory---------- ---swap-- -----io---- -system-- ------cpu----- -----timestamp-----
 r  b   swpd   free   buff  cache   si   so    bi    bo   in   cs us sy id wa st                 EDT
 1  0      0 30894008      0 953596    0    0  1008 10277 79562 166048 12 36 51  0  0 2024-03-18 19:17:07
 4  0      0 30873396      0 963368    0    0   108 10451 74611 160804 12 32 56  0  0 2024-03-18 19:17:08
 5  0      0 30788700      0 978064    0    0   840 11301 69619 150144 13 39 48  0  0 2024-03-18 19:17:09
 1  0      0 30781240      0 988096    0    0   720 19920 68623 147789 11 35 54  0  0 2024-03-18 19:17:10
 3  0      0 30747616      0 996624    0    0   772 12327 69914 155651 13 40 47  0  0 2024-03-18 19:17:11
 4  0      0 30671536      0 1012468    0    0   456 12729 71590 161276 13 39 49  0  0 2024-03-18 19:17:12
 2  0      0 30654988      0 1027436    0    0  1368 21933 74676 159005 12 40 47  0  0 2024-03-18 19:17:13
 6  0      0 30648424      0 1038412    0    0   516  9833 77444 165899 12 34 53  0  0 2024-03-18 19:17:14
 7  0      0 30657608      0 1046100    0    0   356 47100 50887 133495 11 36 53  0  0 2024-03-18 19:17:15
 1  0      0 30630404      0 1057624    0    0   264  9961 56323 115540 13 35 52  0  0 2024-03-18 19:17:16
 3  0      0 30615212      0 1075528    0    0   844 10058 73585 148852 17 38 45  0  0 2024-03-18 19:17:17
 3  0      0 30575064      0 1087000    0    0   308 10632 66198 145237 13 39 48  0  0 2024-03-18 19:17:18
 4  0      0 30544684      0 1100996    0    0   768 62613 68262 146561 13 43 44  0  0 2024-03-18 19:17:19
 6  0      0 30518052      0 1117812    0    0   732 12111 67716 149914 14 42 44  0  0 2024-03-18 19:17:20
 6  0      0 30470592      0 1123096    0    0   356 11581 70625 157922 13 42 45  0  0 2024-03-18 19:17:21
 6  0      0 30425368      0 1139076    0    0   712 22625 58416 128568 13 43 44  0  0 2024-03-18 19:17:22
 8  0      0 30364412      0 1154372    0    0   876 11433 80254 174910 13 42 44  0  0 2024-03-18 19:17:23
 3  0      0 30288740      0 1170100    0    0   628 11893 73736 162564 14 42 44  0  0 2024-03-18 19:17:24
 6  0      0 30223712      0 1184468    0    0   744 11015 79765 164391 13 43 44  0  0 2024-03-18 19:17:25
 6  0      0 30216396      0 1194212    0    0   452 21568 81709 172559 12 34 53  0  0 2024-03-18 19:17:26
 5  1      0 30174904      0 1201804    0    0   984 11451 68561 142416 13 41 46  0  0 2024-03-18 19:17:27
procs -----------memory---------- ---swap-- -----io---- -system-- ------cpu----- -----timestamp-----
 r  b   swpd   free   buff  cache   si   so    bi    bo   in   cs us sy id wa st                 EDT
 6  0      0 30132264      0 1217136    0    0  1256 11610 81532 172601 14 40 45  0  0 2024-03-18 19:17:28
 3  0      0 30061456      0 1231036    0    0   580 10949 71796 154717 12 38 49  0  0 2024-03-18 19:17:29
 5  0      0 30072452      0 1241600    0    0   980 56266 61057 143742 11 36 53  0  0 2024-03-18 19:17:30
 5  0      0 30049848      0 1253368    0    0   300 10352 64112 161362 12 35 53  0  0 2024-03-18 19:17:31
 6  0      0 30018736      0 1267040    0    0   220 11954 67794 147617 13 39 48  0  0 2024-03-18 19:17:32
 5  0      0 30001776      0 1283348    0    0  1032 11895 87749 180577 12 44 44  0  0 2024-03-18 19:17:33
 1  0      0 29962344      0 1296588    0    0  1408 21235 79865 162230 11 37 52  0  0 2024-03-18 19:17:34
 2  0      0 29928756      0 1306780    0    0   312 10289 72338 148364 12 39 49  0  0 2024-03-18 19:17:35
 5  0      0 29845084      0 1314300    0    0   528 11739 79800 168791 14 39 47  0  0 2024-03-18 19:17:36
 4  0      0 29792384      0 1328028    0    0   220 12028 82410 175605 13 40 46  0  0 2024-03-18 19:17:37
 6  0      0 29799292      0 1340760    0    0   720 57483 70248 143512 13 42 45  0  0 2024-03-18 19:17:38
 6  0      0 29760148      0 1355072    0    0   524 11297 72507 152942 13 40 47  0  0 2024-03-18 19:17:39
 4  0      0 29731024      0 1369484    0    0   256 11931 84127 179157 13 41 46  0  0 2024-03-18 19:17:40
 3  0      0 29718256      0 1375300    0    0   240 22522 82047 177596 13 39 48  0  0 2024-03-18 19:17:41
 5  0      0 29653820      0 1388660    0    0   692 11136 77700 161873 13 37 50  0  0 2024-03-18 19:17:42
11  0      0 29595532      0 1403908    0    0   760 11775 66327 143450 13 43 44  0  0 2024-03-18 19:17:43
 4  0      0 29536908      0 1418328    0    0  1596 10681 71885 151250 13 37 49  0  0 2024-03-18 19:17:44
 7  1      0 29518192      0 1426212    0    0   256 58666 83954 172139 11 33 56  0  0 2024-03-18 19:17:45
 4  0      0 29501196      0 1440484    0    0   396 10880 59227 125838 13 39 47  0  0 2024-03-18 19:17:46
 7  0      0 29467404      0 1453772    0    0     8  7957 37139 124894 16 35 49  0  0 2024-03-18 19:17:47
 7  0      0 29452460      0 1464224    0    0   880  9234 56089 188162 12 33 55  0  0 2024-03-18 19:17:48
procs -----------memory---------- ---swap-- -----io---- -system-- ------cpu----- -----timestamp-----
 r  b   swpd   free   buff  cache   si   so    bi    bo   in   cs us sy id wa st                 EDT
 3  0      0 29458644      0 1473676    0    0   252 56019 64054 159503 12 35 53  0  0 2024-03-18 19:17:49
 2  0      0 29432092      0 1486784    0    0   560 10380 84447 178762 13 36 51  0  0 2024-03-18 19:17:50
 3  0      0 29397060      0 1499072    0    0  1484  9902 75074 164915 13 34 53  0  0 2024-03-18 19:17:51
 4  0      0 29363784      0 1510396    0    0   992 10122 72295 156771 12 35 53  0  0 2024-03-18 19:17:52
 1  0      0 29302228      0 1524568    0    0   848 21599 75173 159509 13 38 49  0  0 2024-03-18 19:17:53
 9  0      0 29267324      0 1534868    0    0   300  9531 69018 147194 11 35 54  0  0 2024-03-18 19:17:54
 3  0      0 29204728      0 1548400    0    0   596 11650 64216 143792 13 36 51  0  0 2024-03-18 19:17:55
 0  0      0 29153508      0 1561452    0    0   712 10670 67713 148391 12 34 53  0  0 2024-03-18 19:17:56
 4  0      0 29088440      0 1571224    0    0   340  9295 70879 154797 12 35 54  0  0 2024-03-18 19:17:57
 1  0      0 29082048      0 1581124    0    0   304 21598 73061 152564 12 35 52  0  0 2024-03-18 19:17:58
 1  0      0 29048792      0 1594036    0    0   388  9292 70624 150231 12 34 54  0  0 2024-03-18 19:17:59
 8  0      0 29017004      0 1604340    0    0   108 10255 75310 154223 12 35 53  0  0 2024-03-18 19:18:00
 3  0      0 28960744      0 1615920    0    0   240  9899 66831 136994 12 35 53  0  0 2024-03-18 19:18:01
 4  0      0 28943396      0 1627676    0    0   912 19720 76332 172116 12 35 54  0  0 2024-03-18 19:18:02
 3  0      0 28933448      0 1636900    0    0   152 47791 72461 148726 11 34 55  0  0 2024-03-18 19:18:03
 0  0      0 28913952      0 1647820    0    0   784  9368 63715 135611 12 34 53  0  0 2024-03-18 19:18:04
 3  0      0 28899264      0 1662292    0    0   520 12211 76534 165374 14 39 47  0  0 2024-03-18 19:18:05
 8  0      0 28877936      0 1677200    0    0  1060 11884 65227 132537 14 40 47  0  0 2024-03-18 19:18:06
 3  0      0 28825812      0 1681036    0    0   188 10674 69659 155668 13 37 50  0  0 2024-03-18 19:18:07
 5  0      0 28797172      0 1691876    0    0   312 22907 66114 142810 12 38 50  0  0 2024-03-18 19:18:08
 4  0      0 28751492      0 1703756    0    0   160 11776 74610 160043 13 37 49  0  0 2024-03-18 19:18:09
procs -----------memory---------- ---swap-- -----io---- -system-- ------cpu----- -----timestamp-----
 r  b   swpd   free   buff  cache   si   so    bi    bo   in   cs us sy id wa st                 EDT
 6  0      0 28726880      0 1716396    0    0   784 51500 70900 144819 12 39 49  0  0 2024-03-18 19:18:10
 3  0      0 28692328      0 1729188    0    0   196 11179 70937 155212 13 37 50  0  0 2024-03-18 19:18:11
 7  0      0 28678752      0 1738864    0    0    52  9572 68549 146646 12 35 53  0  0 2024-03-18 19:18:12
 6  0      0 28646088      0 1752224    0    0   816 10706 82212 168979 12 36 52  0  0 2024-03-18 19:18:13
 3  0      0 28626584      0 1761440    0    0    56 20350 77171 165447 12 34 54  0  0 2024-03-18 19:18:14
 3  0      0 28561576      0 1773640    0    0   488  9830 63008 136996 12 37 51  0  0 2024-03-18 19:18:15
 3  0      0 28501788      0 1793720    0    0   380  9830 59569 125758 13 36 50  0  0 2024-03-18 19:18:16
 9  0      0 28474188      0 1778312    0    0   636  9265 54322 108622 19 39 41  0  0 2024-03-18 19:18:17
 7  0      0 28420356      0 1791680    0    0   768 40207 82569 171289 15 43 43  0  0 2024-03-18 19:18:18
 3  0      0 28418784      0 1804608    0    0   120 59365 72291 151733 13 40 47  0  0 2024-03-18 19:18:19
 3  0      0 28416496      0 1819516    0    0   892 24275 69140 147652 13 38 49  0  0 2024-03-18 19:18:20
 2  0      0 28407472      0 1824064    0    0   604 11103 81645 181656 14 40 46  0  0 2024-03-18 19:18:21
 4  0      0 28366824      0 1838532    0    0   548 11273 76195 161831 12 40 47  0  0 2024-03-18 19:18:22
 3  0      0 28303776      0 1854224    0    0   368 11516 77778 164457 13 41 46  0  0 2024-03-18 19:18:23
 4  0      0 28284252      0 1865804    0    0   616 22570 70032 148584 12 35 53  0  0 2024-03-18 19:18:24
 2  0      0 28215344      0 1880084    0    0   708 11097 84690 181263 13 36 51  0  0 2024-03-18 19:18:25
 5  0      0 28152804      0 1891844    0    0   552 10497 79989 171444 12 36 52  0  0 2024-03-18 19:18:26
 6  0      0 28108456      0 1902728    0    0   120  9966 76960 164958 12 34 53  0  0 2024-03-18 19:18:27
 4  0      0 28099468      0 1913480    0    0     0 21957 68577 150626 13 38 49  0  0 2024-03-18 19:18:28
 4  0      0 28075500      0 1927660    0    0     0 11305 82700 172033 13 41 46  0  0 2024-03-18 19:18:29
 5  0      0 28021384      0 1932476    0    0     0 11489 71629 152360 13 38 49  0  0 2024-03-18 19:18:30
procs -----------memory---------- ---swap-- -----io---- -system-- ------cpu----- -----timestamp-----
 r  b   swpd   free   buff  cache   si   so    bi    bo   in   cs us sy id wa st                 EDT
 4  0      0 28009156      0 1945236    0    0     0 21900 73545 159397 12 40 48  0  0 2024-03-18 19:18:31
 4  0      0 27995976      0 1959084    0    0     0 11368 86986 190033 13 39 47  0  0 2024-03-18 19:18:32
 1  0      0 27955164      0 1964008    0    0  1961  8641 41842 88583  9 19 71  0  0 2024-03-18 19:18:33
 1  0      0 27982528      0 1967912    0    0  3452   113 1728 2120  5  3 91  0  0 2024-03-18 19:18:34
 1  0      0 27956964      0 1981056    0    0  1328     0 1513  580  7  6 87  0  0 2024-03-18 19:18:35
 0  0      0 27977296      0 1981460    0    0    84     0  589  346  2  2 97  0  0 2024-03-18 19:18:36
 0  0      0 27977296      0 1981460    0    0     0     0  116  195  0  0 100  0  0 2024-03-18 19:18:37
 0  0      0 27977296      0 1981460    0    0     0     0  120  175  0  0 100  0  0 2024-03-18 19:18:38
 0  0      0 27977296      0 1981460    0    0     0     4  105  169  0  0 100  0  0 2024-03-18 19:18:39
 0  0      0 27977296      0 1981460    0    0     0     0  105  162  0  0 100  0  0 2024-03-18 19:18:40
 4  0      0 27975824      0 1986132    0    0    64 54079 46460 110646  8 22 70  0  0 2024-03-18 19:18:41
 8  0      0 27969856      0 1986360    0    0     0 10965 67019 145845 12 29 59  1  0 2024-03-18 19:18:42
 3  0      0 27953912      0 1986664    0    0     0 10614 66856 147146 12 28 60  0  0 2024-03-18 19:18:43
 7  0      0 27940584      0 1978044    0    0     0 10354 62825 134401 11 27 61  0  0 2024-03-18 19:18:44
 3  0      0 27929672      0 1978076    0    0     0  9932 65924 148331 12 26 62  0  0 2024-03-18 19:18:45
 3  1      0 27920848      0 1977900    0    0     0  9775 52354 130609 12 26 62  0  0 2024-03-18 19:18:46
 6  0      0 27903040      0 1985488    0    0     0 10608 60166 123352 18 31 51  0  0 2024-03-18 19:18:47
 5  0      0 27913404      0 1991896    0    0     0 20529 76237 162343 11 27 62  0  0 2024-03-18 19:18:48
 6  0      0 27900496      0 1990908    0    0     0  9036 62834 150640 11 25 63  0  0 2024-03-18 19:18:49
 4  0      0 27957936      0 1988068    0    0     0 44893 61811 130711 11 26 64  0  0 2024-03-18 19:18:50
 1  0      0 28037344      0 1948076    0    0     0  7936 69835 148165 10 27 63  0  0 2024-03-18 19:18:51
procs -----------memory---------- ---swap-- -----io---- -system-- ------cpu----- -----timestamp-----
 r  b   swpd   free   buff  cache   si   so    bi    bo   in   cs us sy id wa st                 EDT
 3  0      0 28052684      0 1947500    0    0     0  9234 67049 148019 11 26 63  0  0 2024-03-18 19:18:52
 5  0      0 28036064      0 1946856    0    0     0 18817 64860 138767 12 28 60  0  0 2024-03-18 19:18:53
 0  0      0 28013192      0 1945236    0    0     0  9398 64876 139839 10 27 62  0  0 2024-03-18 19:18:54
 3  0      0 28008152      0 1945176    0    0     0 10414 55343 135005 11 28 60  0  0 2024-03-18 19:18:55
 2  0      0 27977972      0 1944048    0    0     0  9644 71178 151124 12 27 62  0  0 2024-03-18 19:18:56
 3  0      0 27990440      0 1942852    0    0     0  8994 55186 152946 11 26 63  0  0 2024-03-18 19:18:57
 8  0      0 28008504      0 1941712    0    0     0 25925 62304 155409 11 27 62  0  0 2024-03-18 19:18:58
 3  0      0 27987028      0 1941312    0    0     0  9706 69398 150069 11 27 62  0  0 2024-03-18 19:18:59
 8  0      0 27972924      0 1942092    0    0     0 10851 65000 144872 12 28 60  0  0 2024-03-18 19:19:00
 3  0      0 27938980      0 1940716    0    0     0  8544 64979 132987 11 25 64  0  0 2024-03-18 19:19:01
 0  0      0 27941988      0 1940372    0    0     0  9741 63331 137518 12 27 61  0  0 2024-03-18 19:19:02
 4  0      0 27936840      0 1939968    0    0     0 10136 69842 150867 12 28 60  0  0 2024-03-18 19:19:03
 5  0      0 27983744      0 1937980    0    0     0 20097 71827 152958 10 29 62  0  0 2024-03-18 19:19:04
 5  0      0 27962624      0 1936540    0    0     0  9465 61658 136890 11 25 64  0  0 2024-03-18 19:19:05
 5  0      0 27948444      0 1934544    0    0     0  8502 59438 126457 12 25 63  0  0 2024-03-18 19:19:06
 2  0      0 28011028      0 1897640    0    0     0  9107 65389 144210 11 27 61  0  0 2024-03-18 19:19:07
 3  0      0 28007568      0 1897700    0    0     0 10114 65301 136688 12 28 60  0  0 2024-03-18 19:19:08
 5  0      0 27995920      0 1898192    0    0     0 10908 77538 167681 12 28 60  0  0 2024-03-18 19:19:09
 4  0      0 27985020      0 1897544    0    0     0  9779 65719 138985 11 28 61  1  0 2024-03-18 19:19:10
 2  0      0 28039548      0 1896572    0    0     0 21443 64380 137080 11 28 61  0  0 2024-03-18 19:19:11
 2  0      0 28072400      0 1871528    0    0     0  9437 71178 149330 11 27 62  0  0 2024-03-18 19:19:12
procs -----------memory---------- ---swap-- -----io---- -system-- ------cpu----- -----timestamp-----
 r  b   swpd   free   buff  cache   si   so    bi    bo   in   cs us sy id wa st                 EDT
 3  0      0 28061568      0 1871172    0    0     0  9694 72457 150238 11 27 62  0  0 2024-03-18 19:19:13
 4  0      0 28049536      0 1871224    0    0     0 10509 74030 160707 11 29 60  0  0 2024-03-18 19:19:14
 4  0      0 28049108      0 1869956    0    0     0  9609 58411 123064 12 28 60  0  0 2024-03-18 19:19:15
 3  0      0 28257076      0 1868840    0    0     0 22245 54614 112913 12 28 59  0  0 2024-03-18 19:19:16
 2  0      0 28356296      0 1824484    0    0     0 10252 74232 147001 16 33 51  0  0 2024-03-18 19:19:17
 5  0      0 28351188      0 1824640    0    0     0 11037 64130 150533 12 31 57  0  0 2024-03-18 19:19:18
 4  0      0 28342176      0 1824024    0    0     0  9811 66167 148639 11 27 62  0  0 2024-03-18 19:19:19
 1  0      0 28420712      0 1822304    0    0     0 28876 57750 127572 11 27 62  0  0 2024-03-18 19:19:20
 3  0      0 28414040      0 1820656    0    0     0  8602 67603 148912 11 25 64  0  0 2024-03-18 19:19:21
 2  0      0 28454488      0 1803920    0    0     0  9622 67120 143339 12 27 62  0  0 2024-03-18 19:19:22
 5  0      0 28431644      0 1802468    0    0     0  8855 59738 137458 10 24 66  0  0 2024-03-18 19:19:23
 1  0      0 28423700      0 1801916    0    0     0  9607 71026 162279 12 28 60  0  0 2024-03-18 19:19:24
 3  0      0 28421152      0 1800820    0    0     0  8831 84978 179990 10 25 65  0  0 2024-03-18 19:19:25
 5  0      0 28409748      0 1798904    0    0     0  9832 77338 168170 11 26 63  0  0 2024-03-18 19:19:26
 7  0      0 28416888      0 1799300    0    0     0 11122 64277 138280 12 31 57  0  0 2024-03-18 19:19:27
 6  0      0 28417864      0 1799040    0    0     0 22863 92602 198052 11 30 58  0  0 2024-03-18 19:19:28
 3  0      0 28411980      0 1798380    0    0     0  9907 74318 163517 11 26 63  0  0 2024-03-18 19:19:29
 4  0      0 28390368      0 1797124    0    0     0  8842 68076 162198 11 24 65  0  0 2024-03-18 19:19:30
 4  0      0 28381596      0 1797324    0    0     0 10848 78131 169695 12 27 61  0  0 2024-03-18 19:19:31
 3  0      0 28365052      0 1797584    0    0     0 10971 67953 146061 12 29 59  0  0 2024-03-18 19:19:32
 1  0      0 28375584      0 1796708    0    0     0  9209 63082 127347 11 27 62  0  0 2024-03-18 19:19:33
procs -----------memory---------- ---swap-- -----io---- -system-- ------cpu----- -----timestamp-----
 r  b   swpd   free   buff  cache   si   so    bi    bo   in   cs us sy id wa st                 EDT
 3  0      0 28349168      0 1794740    0    0     0  8443 63032 130493 10 26 63  0  0 2024-03-18 19:19:34
 4  0      0 28460168      0 1791368    0    0     0 19361 65497 143365  9 24 66  0  0 2024-03-18 19:19:35
 0  0      0 28448176      0 1792192    0    0     0 11959 60364 131710 13 30 57  0  0 2024-03-18 19:19:36
 5  0      0 28437372      0 1791988    0    0     0 10162 69179 151129 12 27 60  0  0 2024-03-18 19:19:37
 1  0      0 28493872      0 1750344    0    0     0  8991 59621 139942 11 26 63  0  0 2024-03-18 19:19:38
 4  0      0 28477592      0 1750320    0    0     0 10553 62183 133691 12 28 60  0  0 2024-03-18 19:19:39
 3  0      0 28490548      0 1750692    0    0     0 10227 66030 143735 12 28 60  0  0 2024-03-18 19:19:40
 3  0      0 28468740      0 1749124    0    0     0  8727 60667 144488 11 25 63  0  0 2024-03-18 19:19:41
 2  0      0 28473288      0 1748392    0    0     0  9514 62608 131892 12 28 60  0  0 2024-03-18 19:19:42
 4  0      0 28466504      0 1748336    0    0     0 10267 61716 150727 12 26 62  0  0 2024-03-18 19:19:43
 1  0      0 28706500      0 1746160    0    0     0 28953 65488 150087 12 31 57  0  0 2024-03-18 19:19:44
 3  0      0 28697576      0 1745940    0    0     0 10404 63547 135046 11 28 61  0  0 2024-03-18 19:19:45
 3  0      0 28681068      0 1752148    0    0     0  8991 59358 123152 13 26 61  0  0 2024-03-18 19:19:46
 4  0      0 28716812      0 1718560    0    0     0  8967 61069 120137 17 32 51  0  0 2024-03-18 19:19:47
 3  0      0 28840824      0 1644372    0    0     0  9416 72550 159504 11 31 58  0  0 2024-03-18 19:19:48
 4  0      0 28828100      0 1642996    0    0     0  9230 60132 138452 12 26 62  0  0 2024-03-18 19:19:49
 4  0      0 28940344      0 1641612    0    0     0 38132 58303 120281 11 29 59  0  0 2024-03-18 19:19:50
 2  0      0 28933856      0 1648492    0    0     0  9147 63325 141227 11 27 62  0  0 2024-03-18 19:19:51
 5  0      0 28916576      0 1647724    0    0     0  9650 65069 142683 11 27 61  0  0 2024-03-18 19:19:52
 2  0      0 28922860      0 1646176    0    0     0  8287 62745 139999 11 24 65  0  0 2024-03-18 19:19:53
 1  0      0 29004656      0 1606460    0    0     0 10434 65851 148238 11 31 57  0  0 2024-03-18 19:19:54
procs -----------memory---------- ---swap-- -----io---- -system-- ------cpu----- -----timestamp-----
 r  b   swpd   free   buff  cache   si   so    bi    bo   in   cs us sy id wa st                 EDT
 4  0      0 28984816      0 1606332    0    0     0 10480 59711 129204 12 28 60  0  0 2024-03-18 19:19:55
 3  0      0 28982124      0 1605840    0    0     0  9587 62211 139789 12 26 62  0  0 2024-03-18 19:19:56
 2  0      0 28985356      0 1604892    0    0     0  9216 65158 141882 11 26 63  0  0 2024-03-18 19:19:57
 4  0      0 29003816      0 1604404    0    0     0 23807 57410 123513 12 27 60  0  0 2024-03-18 19:19:58
 3  0      0 28982296      0 1596376    0    0     0 10512 66432 144433 12 29 59  0  0 2024-03-18 19:19:59
 4  0      0 28967724      0 1596348    0    0     0 10244 61988 129129 12 28 60  0  0 2024-03-18 19:20:00
 0  0      0 28969616      0 1596456    0    0     0 10676 60097 137109 12 28 60  0  0 2024-03-18 19:20:01
 5  0      0 28957948      0 1594908    0    0     0  9095 64913 136506 11 26 62  0  0 2024-03-18 19:20:02
 6  0      0 28946800      0 1593856    0    0     0  9174 59409 130835 11 26 62  0  0 2024-03-18 19:20:03
 3  0      0 28931244      0 1600576    0    0     0  8778 67271 145628 11 26 63  0  0 2024-03-18 19:20:04
 3  0      0 29045656      0 1597620    0    0     0  8467 60348 128618 10 25 65  0  0 2024-03-18 19:20:05
 3  0      0 29105360      0 1597492    0    0     0 22052 64830 134272 12 29 60  0  0 2024-03-18 19:20:06
 2  0      0 29090344      0 1596540    0    0     0 10037 66659 141358 12 27 61  0  0 2024-03-18 19:20:07
 3  0      0 29093920      0 1594804    0    0     0  9093 72727 146878 11 26 63  0  0 2024-03-18 19:20:08
 5  0      0 29098016      0 1586040    0    0     0  8947 72747 155265 11 26 63  0  0 2024-03-18 19:20:09
 2  0      0 29113020      0 1561456    0    0     0 10758 64919 137159 12 29 59  0  0 2024-03-18 19:20:10
 2  0      0 29089544      0 1553016    0    0     0 10857 64272 136353 12 30 58  0  0 2024-03-18 19:20:11
 7  0      0 29309248      0 1552136    0    0   272 29485 66328 140486 11 30 58  0  0 2024-03-18 19:20:12
 4  0      0 29368508      0 1551076    0    0     0 10273 68536 143039 11 27 61  0  0 2024-03-18 19:20:13
 4  0      0 29362212      0 1550768    0    0     0 10121 66107 146410 12 28 60  0  0 2024-03-18 19:20:14
 3  0      0 29476196      0 1483112    0    0     0  8674 57122 167973 10 27 63  0  0 2024-03-18 19:20:15
procs -----------memory---------- ---swap-- -----io---- -system-- ------cpu----- -----timestamp-----
 r  b   swpd   free   buff  cache   si   so    bi    bo   in   cs us sy id wa st                 EDT
 4  0      0 29465352      0 1490392    0    0    24  8379 52724 112009 13 23 64  0  0 2024-03-18 19:20:16
 4  0      0 29455980      0 1501488    0    0     0  9757 72082 147795 17 32 51  0  0 2024-03-18 19:20:17
 4  0      0 29438372      0 1501308    0    0     0 11330 64668 146522 12 30 58  0  0 2024-03-18 19:20:18
 4  0      0 29461792      0 1493028    0    0     0 21307 64155 135124 12 29 59  0  0 2024-03-18 19:20:19
 4  0      0 29642404      0 1490216    0    0     0 38811 57950 121934 12 31 57  0  0 2024-03-18 19:20:20
 0  0      0 29658404      0 1489876    0    0     0 11113 63259 135351 12 28 59  0  0 2024-03-18 19:20:21
 6  0      0 29675436      0 1489376    0    0     8 15971 60708 139661 12 27 61  0  0 2024-03-18 19:20:22
 4  0      0 29660220      0 1488304    0    0     0 10173 65851 141286 12 28 61  0  0 2024-03-18 19:20:23
 5  0      0 29651588      0 1487468    0    0     0  9649 78442 170422 11 28 61  0  0 2024-03-18 19:20:24
 3  0      0 29747668      0 1425720    0    0     0  9604 58572 120320 11 28 60  0  0 2024-03-18 19:20:25
 1  0      0 29742996      0 1423620    0    0     0  8324 65484 142070 11 25 64  0  0 2024-03-18 19:20:26
 3  0      0 29742468      0 1422680    0    0     0  8825 60438 132445 12 26 62  0  0 2024-03-18 19:20:27
 6  0      0 29750788      0 1422916    0    0     0 10816 66703 146255 12 28 60  0  0 2024-03-18 19:20:28
 1  0      0 29754028      0 1422208    0    0     0 24630 68223 149208 12 29 59  0  0 2024-03-18 19:20:29
 3  0      0 29728944      0 1421512    0    0     0  9587 70176 153879 12 26 62  0  0 2024-03-18 19:20:30
 1  0      0 29727192      0 1418116    0    0     0  9166 66056 144828 11 26 63  0  0 2024-03-18 19:20:31
 2  0      0 29735884      0 1415656    0    0     0  8773 60024 131477 11 25 63  0  0 2024-03-18 19:20:32
 3  0      0 29719808      0 1422124    0    0     0  9316 67442 170248 11 25 63  0  0 2024-03-18 19:20:33
 3  1      0 29721928      0 1419272    0    0     0  8732 61413 128838 12 24 64  0  0 2024-03-18 19:20:34
 0  0      0 29715892      0 1415372    0    0     0  6808 37637 80273  6 16 78  0  0 2024-03-18 19:20:35
 0  0      0 29715892      0 1415416    0    0     0     0  151  165  0  1 100  0  0 2024-03-18 19:20:36
procs -----------memory---------- ---swap-- -----io---- -system-- ------cpu----- -----timestamp-----
 r  b   swpd   free   buff  cache   si   so    bi    bo   in   cs us sy id wa st                 EDT
 0  0      0 29715892      0 1415416    0    0     0     4  121  189  0  0 100  0  0 2024-03-18 19:20:37
 0  0      0 29715892      0 1415416    0    0     0     0   99  153  0  0 100  0  0 2024-03-18 19:20:38
 0  0      0 29715892      0 1415416    0    0     0     0   93  156  0  0 100  0  0 2024-03-18 19:20:39
