# To display the perf.data header info, please use --header/--header-only options.
#
#
# Total Lost Samples: 0
#
# Samples: 163K of event 'cycles'
# Event count (approx.): 1568867483693
#
# Overhead       sys       usr      Pid:Command        
# ........  ........  ........  .......................
#
    17.98%     3.25%    14.73%    11817:fapolicyd      
     8.25%     2.26%     5.99%    14718:OASManager     
     8.24%     2.36%     5.88%    14729:OASManager     
     8.23%     2.32%     5.91%    14726:OASManager     
     8.22%     2.31%     5.91%    14721:OASManager     
     8.11%     2.31%     5.80%    14724:OASManager     
     6.21%     3.74%     2.47%    14776:OAS Res Br<-Mgr
     6.07%     6.07%     0.00%        0:swapper        
     4.82%     3.39%     1.43%    14760:Collect FA Evnt
     3.08%     1.85%     1.23%    11328:in:imjournal   
     2.97%     2.82%     0.15%    14872:cp             
     2.94%     2.82%     0.12%    14871:cp             
     2.71%     1.37%     1.35%      991:auditd         
     2.70%     1.59%     1.12%      848:systemd-journal
     1.46%     1.11%     0.35%      995:audisp-syslog  
     1.43%     0.81%     0.62%    14775:OAS Req Br->Mgr
     1.09%     0.95%     0.14%    11815:fapolicyd      
     1.08%     0.85%     0.23%      996:auditd         
     1.08%     0.65%     0.43%    14735:OAS Req Mgr<-Br
     1.05%     0.72%     0.32%    14733:OAS Res Mgr->Br
     0.46%     0.39%     0.07%    14762:Send FA Reply  
     0.39%     0.39%     0.00%       78:kauditd        
     0.16%     0.09%     0.06%    14720:Timeout Thread 
     0.15%     0.10%     0.05%    14722:Timeout Thread 
     0.14%     0.10%     0.05%    14728:Timeout Thread 
     0.14%     0.08%     0.06%    14725:Timeout Thread 
     0.09%     0.09%     0.00%       17:rcu_preempt    
     0.07%     0.07%     0.00%      993:auditd         
     0.03%     0.03%     0.00%    14908:journal-offline
     0.03%     0.03%     0.00%      127:kworker/1:1H-xf
     0.03%     0.03%     0.00%      972:xfsaild/dm-2   
     0.03%     0.00%     0.03%    14921:chronyc        
     0.03%     0.00%     0.03%    14913:nm-dispatcher  
     0.03%     0.03%     0.00%    14912:journal-offline
     0.03%     0.02%     0.00%    14907:journal-offline
     0.03%     0.02%     0.00%    14911:journal-offline
     0.03%     0.02%     0.00%    14905:journal-offline
     0.02%     0.01%     0.01%    14873:sshd           
     0.02%     0.02%     0.00%    11777:kworker/6:1-xfs
     0.02%     0.02%     0.00%    11375:kworker/u16:2-e
     0.02%     0.02%     0.00%    14806:kworker/u16:0-e
     0.02%     0.01%     0.01%    14781:vmstat         
     0.02%     0.02%     0.00%    11569:kworker/4:2-eve
     0.02%     0.02%     0.00%    14906:kworker/3:1    
     0.01%     0.01%     0.00%    14852:kworker/2:1-eve
     0.01%     0.01%     0.01%    14902:ps             
     0.01%     0.01%     0.01%    14891:flatpak        
     0.01%     0.01%     0.00%    11782:kworker/u16:4-x
     0.01%     0.01%     0.01%    14878:sftp-server    
     0.01%     0.01%     0.00%    14875:unix_chkpwd    
     0.01%     0.01%     0.00%    11778:kworker/5:0-xfs
     0.01%     0.01%     0.00%    14804:kworker/dying  
     0.01%     0.01%     0.00%    14798:kworker/1:1-xfs
     0.01%     0.01%     0.00%    14866:unix_chkpwd    
     0.01%     0.01%     0.00%       16:pr/tty0        
     0.01%     0.01%     0.00%    14874:sshd           
     0.01%     0.01%     0.00%      348:kworker/5:1H-kb
     0.01%     0.01%     0.00%    14808:kworker/7:1-xfs
     0.01%     0.01%     0.00%    14876:unix_chkpwd    
     0.01%     0.01%     0.00%    10986:kworker/0:2-xfs
     0.01%     0.01%     0.00%      612:kworker/4:1H-kb
     0.01%     0.01%     0.00%    14909:kworker/7:0    
     0.01%     0.01%     0.00%        1:systemd        
     0.01%     0.00%     0.00%    14900:tclsh          
     0.01%     0.01%     0.00%     1175:sshd           
     0.01%     0.01%     0.00%    14877:sshd           
     0.00%     0.00%     0.00%      774:xfsaild/dm-0   
     0.00%     0.00%     0.00%      308:kworker/3:1H-kb
     0.00%     0.00%     0.00%    11206:sshd           
     0.00%     0.00%     0.00%       84:khugepaged     
     0.00%     0.00%     0.00%    14863:perf           
     0.00%     0.00%     0.00%    14864:sudo           
     0.00%     0.00%     0.00%       94:kworker/6:1H-xf
     0.00%     0.00%     0.00%      615:kworker/0:1H-xf
     0.00%     0.00%     0.00%      607:kworker/2:1H-xf
     0.00%     0.00%     0.00%    14865:perf           
     0.00%     0.00%     0.00%    11201:sshd           
     0.00%     0.00%     0.00%     1036:irqbalance     
     0.00%     0.00%     0.00%     1032:dbus-broker    
     0.00%     0.00%     0.00%       55:ksoftirqd/6    
     0.00%     0.00%     0.00%     1132:gmain          
     0.00%     0.00%     0.00%     4318:tmux: server   
     0.00%     0.00%     0.00%    14919:mkdir          
     0.00%     0.00%     0.00%     3065:macompatsvc    
     0.00%     0.00%     0.00%    14731:Timeout Thread 
     0.00%     0.00%     0.00%    11816:fapolicyd      
     0.00%     0.00%     0.00%    14690:mfetpd         
     0.00%     0.00%     0.00%     3063:macompatsvc    
     0.00%     0.00%     0.00%     7690:gmain          
     0.00%     0.00%     0.00%     1045:polkitd        
     0.00%     0.00%     0.00%     1091:usbguard-daemon
     0.00%     0.00%     0.00%     1114:NetworkManager 
     0.00%     0.00%     0.00%       15:ksoftirqd/0    
     0.00%     0.00%     0.00%    14923:kworker/3:2    
     0.00%     0.00%     0.00%    14716:mfetpd         
     0.00%     0.00%     0.00%    14867:time           
     0.00%     0.00%     0.00%     1208:crond          
     0.00%     0.00%     0.00%       82:kcompactd0     
     0.00%     0.00%     0.00%      558:kworker/7:1H-kb
     0.00%     0.00%     0.00%    14870:xargs          
     0.00%     0.00%     0.00%    14879:grepconf.sh    
     0.00%     0.00%     0.00%    14763:FA Queue Health
     0.00%     0.00%     0.00%    14881:grepconf.sh    
     0.00%     0.00%     0.00%    14894:sed            
     0.00%     0.00%     0.00%    14868:bash           
     0.00%     0.00%     0.00%     3064:macompatsvc    
     0.00%     0.00%     0.00%    14869:seq            
     0.00%     0.00%     0.00%     1031:dbus-broker-lau
     0.00%     0.00%     0.00%    14920:rm             
     0.00%     0.00%     0.00%    14888:bash           
     0.00%     0.00%     0.00%    14882:grep           
     0.00%     0.00%     0.00%    14884:grep           
     0.00%     0.00%     0.00%    14777:OAS Br WatchDog


#
# (Tip: To record every process run by a user: perf record -u <user>)
#
