procs -----------memory---------- ---swap-- -----io---- -system-- ------cpu----- -----timestamp-----
 r  b   swpd   free   buff  cache   si   so    bi    bo   in   cs us sy id wa st                 EDT
 1  0      0 31639564     20 465472    0    0     1     3   14   26  0  0 100  0  0 2024-03-18 19:20:58
 1  0      0 32224972      0 119800    0    0 30822   603 2276 2062  2 11 87  0  0 2024-03-18 19:20:59
 1  1      0 32173372      0 137872    0    0  5726  7022 8419 35314  5 13 81  0  0 2024-03-18 19:21:00
 2  0      0 32121348      0 162900    0    0  3644  9590 13016 27092  5 15 80  1  0 2024-03-18 19:21:01
 2  0      0 32068124      0 187712    0    0  4136  9101 12167 26332  5 15 80  0  0 2024-03-18 19:21:02
 1  0      0 32032172      0 212144    0    0  3808 17366 12619 26759  4 15 80  1  0 2024-03-18 19:21:03
 2  0      0 31978500      0 237244    0    0  3456  9583 13046 27044  5 15 80  0  0 2024-03-18 19:21:04
 2  0      0 31929812      0 254772    0    0  4340  9215 12581 26525  4 15 80  1  0 2024-03-18 19:21:05
 1  0      0 31901396      0 270236    0    0  4312 17187 12500 26068  5 15 79  0  0 2024-03-18 19:21:06
 1  0      0 31864560      0 290956    0    0  4632 10916 15328 31778  5 15 79  1  0 2024-03-18 19:21:07
 2  0      0 31814668      0 311904    0    0  4368 10981 15417 32003  5 15 79  1  0 2024-03-18 19:21:08
 2  0      0 31780732      0 333044    0    0  3700 19609 15445 31703  5 15 79  1  0 2024-03-18 19:21:09
 2  0      0 31743468      0 345448    0    0  5004 10948 15334 31606  5 16 79  1  0 2024-03-18 19:21:10
 1  0      0 31692732      0 366252    0    0  4012 10800 14872 32551  5 15 79  1  0 2024-03-18 19:21:11
 1  0      0 31662080      0 386156    0    0  4096 18752 15079 30977  5 16 79  1  0 2024-03-18 19:21:12
 0  0      0 31624588      0 392240    0    0  4336   622 2181 2687  7  4 90  0  0 2024-03-18 19:21:13
 1  0      0 31650640      0 393632    0    0   544    55 1682  680  6  6 88  0  0 2024-03-18 19:21:14
 0  0      0 31666296      0 393676    0    0    84     0  528  209  1  2 96  0  0 2024-03-18 19:21:15
 0  0      0 31666296      0 393676    0    0     0     0   78   93  0  0 100  0  0 2024-03-18 19:21:16
 0  0      0 31666296      0 393676    0    0     0     0   69   91  0  0 100  0  0 2024-03-18 19:21:17
 0  0      0 31666072      0 393676    0    0     0     0   64   89  0  0 100  0  0 2024-03-18 19:21:18
procs -----------memory---------- ---swap-- -----io---- -system-- ------cpu----- -----timestamp-----
 r  b   swpd   free   buff  cache   si   so    bi    bo   in   cs us sy id wa st                 EDT
 0  0      0 31666072      0 393676    0    0     0 83675 1667  744  0  3 97  0  0 2024-03-18 19:21:19
 1  0      0 31646824      0 391856    0    0    64  7820 22664 49814  4 10 86  0  0 2024-03-18 19:21:20
 1  0      0 31639428      0 394356    0    0     0 12488 37130 79683  6 12 81  1  0 2024-03-18 19:21:21
 2  0      0 31627632      0 394996    0    0    16 10577 35694 78804  6 12 82  0  0 2024-03-18 19:21:22
 4  0      0 31623436      0 397260    0    0     0 12344 37683 85131  5 13 81  0  0 2024-03-18 19:21:23
 1  0      0 31601320      0 398672    0    0     0 11314 32139 76699  6 14 79  1  0 2024-03-18 19:21:24
 1  0      0 31604452      0 392452    0    0     0 11885 40149 88841  6 13 81  0  0 2024-03-18 19:21:25
 3  0      0 31598816      0 393880    0    0     0 11194 40217 83875  6 12 81  0  0 2024-03-18 19:21:26
 3  0      0 31605460      0 395144    0    0     0 23915 34580 75600  6 13 81  0  0 2024-03-18 19:21:27
 2  0      0 31593544      0 396464    0    0     0 11292 39485 81449  6 12 81  0  0 2024-03-18 19:21:28
 1  0      0 31583512      0 397248    0    0     0 10494 33470 71623  6 13 81  1  0 2024-03-18 19:21:29
 2  0      0 31559828      0 398160    0    0     0 10742 33591 71606  6 13 81  1  0 2024-03-18 19:21:30
 2  0      0 31543812      0 399448    0    0     0 11399 32700 70715  6 14 80  0  0 2024-03-18 19:21:31
 0  0      0 31545532      0 396672    0    0     0  6333 21331 45358  4  6 90  0  0 2024-03-18 19:21:32
 0  0      0 31545532      0 396672    0    0     0     0  106  161  0  0 100  0  0 2024-03-18 19:21:33
 0  0      0 31545068      0 396844    0    0     0     0  111  178  0  0 100  0  0 2024-03-18 19:21:34
 0  0      0 31545068      0 396844    0    0     0     8  145  170  0  1 100  0  0 2024-03-18 19:21:35
 0  0      0 31545068      0 396844    0    0     0     0  109  174  0  0 100  0  0 2024-03-18 19:21:36
 2  0      0 31934988      0 281760    0    0    76 12985 1608  998  1  8 91  0  0 2024-03-18 19:21:37
 4  0      0 32191592      0 122392    0    0 31664    66 2584 2402  3 10 87  0  0 2024-03-18 19:21:38
 2  0      0 32104084      0 153788    0    0  5424 13445 35303 90086  7 23 70  1  0 2024-03-18 19:21:39
procs -----------memory---------- ---swap-- -----io---- -system-- ------cpu----- -----timestamp-----
 r  b   swpd   free   buff  cache   si   so    bi    bo   in   cs us sy id wa st                 EDT
 4  0      0 32041396      0 183740    0    0  2232 14720 32880 83050  7 20 72  1  0 2024-03-18 19:21:40
 2  0      0 31987352      0 216272    0    0  3708 24557 32767 81408  7 24 68  1  0 2024-03-18 19:21:41
 2  0      0 31906124      0 245276    0    0  4308 15492 32586 83603  7 24 68  1  0 2024-03-18 19:21:42
 2  0      0 31860876      0 264420    0    0  3004 24396 33680 86950  8 24 68  1  0 2024-03-18 19:21:43
 3  0      0 31807772      0 291508    0    0  3932 15057 33066 83207  7 23 70  1  0 2024-03-18 19:21:44
 3  0      0 31783184      0 299932    0    0  2008 12120 40391 84567  6 20 74  1  0 2024-03-18 19:21:45
 2  0      0 31756860      0 315848    0    0  1936 20035 40745 81415  5 20 74  1  0 2024-03-18 19:21:46
 3  1      0 31715916      0 332284    0    0  2640 11203 41277 83724  6 18 75  1  0 2024-03-18 19:21:47
 4  0      0 31660072      0 351812    0    0  2536 13133 42917 87701  6 21 73  1  0 2024-03-18 19:21:48
 2  0      0 31634084      0 372204    0    0  3196 80325 37917 79321  6 24 69  0  0 2024-03-18 19:21:49
 4  0      0 31623396      0 387184    0    0  2860 14141 40682 96391  7 22 71  0  0 2024-03-18 19:21:50
 1  0      0 31568064      0 411784    0    0  2636 14477 40388 98439  7 24 69  1  0 2024-03-18 19:21:51
 3  0      0 31533448      0 427096    0    0  2164 22543 35811 84556  7 24 68  1  0 2024-03-18 19:21:52
 4  0      0 31474500      0 450024    0    0  3028 14995 37613 89960  7 22 71  1  0 2024-03-18 19:21:53
 4  0      0 31445508      0 467688    0    0  3076 24263 43180 99891  7 25 67  0  0 2024-03-18 19:21:54
 4  0      0 31387652      0 489008    0    0  3016 12887 28580 73392  7 22 71  1  0 2024-03-18 19:21:55
 2  0      0 31331452      0 507732    0    0  2660 15168 41035 101003  7 24 69  0  0 2024-03-18 19:21:56
 1  0      0 31302724      0 521848    0    0  3696 15898 16873 38059  8 11 81  0  0 2024-03-18 19:21:57
 1  0      0 31332936      0 522036    0    0   665    48  960  703  3  2 96  0  0 2024-03-18 19:21:58
 0  0      0 31346164      0 524292    0    0   480     0 1520  595  5  6 88  0  0 2024-03-18 19:21:59
 0  0      0 31346164      0 524292    0    0     9     8  157  230  0  0 100  0  0 2024-03-18 19:22:00
procs -----------memory---------- ---swap-- -----io---- -system-- ------cpu----- -----timestamp-----
 r  b   swpd   free   buff  cache   si   so    bi    bo   in   cs us sy id wa st                 EDT
 0  0      0 31346164      0 524292    0    0     0     0  100  168  0  0 100  0  0 2024-03-18 19:22:01
 0  0      0 31346164      0 524292    0    0     0     0  138  200  0  0 100  0  0 2024-03-18 19:22:02
 0  0      0 31346164      0 524292    0    0     0     0   95  161  0  0 100  0  0 2024-03-18 19:22:03
 6  0      0 31356472      0 524584    0    0    64   458 1976 3552  1  2 98  0  0 2024-03-18 19:22:04
 1  0      0 31339092      0 517388    0    0     0 10919 35443 75037  6 15 79  0  0 2024-03-18 19:22:05
 2  0      0 31314228      0 517592    0    0     0 10938 32379 72323  6 14 80  1  0 2024-03-18 19:22:06
 1  0      0 31313476      0 517864    0    0     0 10555 36133 76880  6 13 81  0  0 2024-03-18 19:22:07
 1  1      0 31299276      0 518436    0    0     0 10711 33729 73129  6 13 80  0  0 2024-03-18 19:22:08
 2  0      0 31286868      0 517800    0    0     0  9929 33090 70934  6 13 81  0  0 2024-03-18 19:22:09
 0  0      0 31298656      0 516816    0    0     0  9073 32543 68258  6 13 81  0  0 2024-03-18 19:22:10
 1  0      0 31304904      0 516644    0    0     0 22239 28840 73791  6 14 80  1  0 2024-03-18 19:22:11
 2  0      0 31308020      0 516096    0    0     0  9978 31291 68913  6 13 81  0  0 2024-03-18 19:22:12
 5  0      0 31348700      0 515928    0    0     0 47952 32464 72032  5 16 78  1  0 2024-03-18 19:22:13
 3  0      0 31339176      0 516344    0    0     0 10350 34705 75155  6 12 82  1  0 2024-03-18 19:22:14
 2  0      0 31400448      0 482584    0    0     0 10548 36655 78288  6 14 79  0  0 2024-03-18 19:22:15
 3  0      0 31392756      0 482396    0    0     0  9696 36516 75992  6 12 81  1  0 2024-03-18 19:22:16
 1  0      0 31369564      0 483652    0    0     0 12008 35518 76856  6 13 81  0  0 2024-03-18 19:22:17
 1  0      0 31366924      0 474856    0    0     0  9935 31444 69961  6 13 80  0  0 2024-03-18 19:22:18
 4  0      0 31414240      0 474168    0    0     0 20853 35776 74897  6 14 80  1  0 2024-03-18 19:22:19
 1  0      0 31490848      0 440620    0    0     0 28443 35423 76086  6 15 79  0  0 2024-03-18 19:22:20
 0  0      0 31473772      0 440124    0    0     0 10073 33650 70765  6 12 82  0  0 2024-03-18 19:22:21
procs -----------memory---------- ---swap-- -----io---- -system-- ------cpu----- -----timestamp-----
 r  b   swpd   free   buff  cache   si   so    bi    bo   in   cs us sy id wa st                 EDT
 2  0      0 31471752      0 440424    0    0     0 10575 32241 70841  6 13 81  0  0 2024-03-18 19:22:22
 1  0      0 31465160      0 440648    0    0     0 10630 32858 70375  6 13 80  1  0 2024-03-18 19:22:23
 5  0      0 31451968      0 440096    0    0     0 10563 37028 79059  6 12 82  0  0 2024-03-18 19:22:24
 3  0      0 31445736      0 440464    0    0     0 11029 35741 76003  6 13 80  1  0 2024-03-18 19:22:25
 0  0      0 31436884      0 441984    0    0     0 11597 36670 79677  6 12 82  0  0 2024-03-18 19:22:26
 1  0      0 31421792      0 442352    0    0     0 10932 28284 77215  6 13 81  0  0 2024-03-18 19:22:27
 2  0      0 31450276      0 441284    0    0     0 24724 34957 74001  6 14 80  0  0 2024-03-18 19:22:28
 1  0      0 31442404      0 433512    0    0     0 10844 36937 80452  6 13 80  1  0 2024-03-18 19:22:29
 1  0      0 31457964      0 433556    0    0     0 10376 41100 83180  6 13 81  0  0 2024-03-18 19:22:30
 0  0      0 31447736      0 438152    0    0     0  5800 21877 45209  3  6 91  0  0 2024-03-18 19:22:31
 0  0      0 31447736      0 438152    0    0     0  1640  117  168  0  0 100  0  0 2024-03-18 19:22:32
 0  0      0 31447736      0 438152    0    0     0     0  113  176  0  0 100  0  0 2024-03-18 19:22:33
 0  0      0 31447496      0 438376    0    0     0     0  109  169  0  0 100  0  0 2024-03-18 19:22:34
 0  0      0 31447496      0 438376    0    0     0     0  137  159  0  0 100  0  0 2024-03-18 19:22:35
 1  0      0 32157928      0 161288    0    0   104  5576 1640  965  1  9 90  0  0 2024-03-18 19:22:36
 0  0      0 32160064      0 125384    0    0 33190  1445 8505 13936  5 14 82  0  0 2024-03-18 19:22:37
 4  1      0 32122428      0 147976    0    0  2226 12085 46615 93926  7 23 70  1  0 2024-03-18 19:22:38
 3  0      0 32058892      0 172848    0    0  1844 11504 44075 87799  7 23 70  1  0 2024-03-18 19:22:39
 2  0      0 32018532      0 197244    0    0   828 21604 45331 92312  6 24 69  1  0 2024-03-18 19:22:40
 1  0      0 31963252      0 213848    0    0  1008 15112 43709 102530  7 22 70  1  0 2024-03-18 19:22:41
 1  0      0 31907928      0 234832    0    0  1492 13977 45513 99984  7 26 66  1  0 2024-03-18 19:22:42
procs -----------memory---------- ---swap-- -----io---- -system-- ------cpu----- -----timestamp-----
 r  b   swpd   free   buff  cache   si   so    bi    bo   in   cs us sy id wa st                 EDT
 6  0      0 31885884      0 247684    0    0  1836 22886 37091 90624  7 26 66  1  0 2024-03-18 19:22:43
 4  0      0 31834244      0 270084    0    0  1748 14919 31791 80160  7 25 67  1  0 2024-03-18 19:22:44
 2  0      0 31818020      0 282656    0    0  1876 23170 32868 77017  7 25 67  1  0 2024-03-18 19:22:45
 4  0      0 31768508      0 304460    0    0  1532 14210 35277 79824  7 27 65  1  0 2024-03-18 19:22:46
 4  0      0 31702904      0 323580    0    0   836 17643 37509 83009  7 26 67  1  0 2024-03-18 19:22:47
 3  0      0 31698524      0 333200    0    0  1548 16677 43934 87962  6 24 70  0  0 2024-03-18 19:22:48
 3  0      0 31658452      0 347920    0    0  1024 12019 44874 89269  7 22 71  1  0 2024-03-18 19:22:49
 4  0      0 31664176      0 364232    0    0   792 77040 41156 84010  6 25 68  1  0 2024-03-18 19:22:50
 2  0      0 31613356      0 377792    0    0  2368 14000 43218 94480  7 24 68  1  0 2024-03-18 19:22:51
 2  0      0 31560892      0 398580    0    0  1716 13420 49916 101803  7 24 68  1  0 2024-03-18 19:22:52
 3  0      0 31536268      0 417224    0    0  1456 23856 43940 96037  7 24 69  1  0 2024-03-18 19:22:53
 3  0      0 31479376      0 429760    0    0  2208 14171 44071 97273  7 22 70  1  0 2024-03-18 19:22:54
 6  0      0 31446160      0 454296    0    0  2120 24802 44535 101625  8 28 63  1  0 2024-03-18 19:22:55
 6  0      0 31415828      0 468516    0    0  1544 15575 49445 106701  8 24 67  0  0 2024-03-18 19:22:56
 3  0      0 31348656      0 483948    0    0  1348 15368 42746 99892  7 26 66  1  0 2024-03-18 19:22:57
 4  0      0 31331576      0 506328    0    0  1128 26412 42984 100557  7 26 66  1  0 2024-03-18 19:22:58
 2  0      0 31280924      0 521720    0    0  1512 15443 44573 104687  7 26 66  1  0 2024-03-18 19:22:59
 2  0      0 31262032      0 536320    0    0  1300 49304 37465 83418  7 22 71  1  0 2024-03-18 19:23:00
 1  0      0 31226036      0 557296    0    0  1168 14167 41859 96852  7 24 69  1  0 2024-03-18 19:23:01
 3  0      0 31195324      0 571300    0    0  1724 14155 41830 97362  7 27 65  1  0 2024-03-18 19:23:02
 1  0      0 31157292      0 594284    0    0  2132 24297 44239 99183  7 26 67  1  0 2024-03-18 19:23:03
procs -----------memory---------- ---swap-- -----io---- -system-- ------cpu----- -----timestamp-----
 r  b   swpd   free   buff  cache   si   so    bi    bo   in   cs us sy id wa st                 EDT
 5  0      0 31105776      0 606548    0    0   876 14141 42662 98060  7 26 66  1  0 2024-03-18 19:23:04
 4  0      0 31077932      0 622728    0    0  2152 52515 41532 87713  7 22 71  0  0 2024-03-18 19:23:05
 1  0      0 31045068      0 636344    0    0   996 14872 50827 107677  8 25 67  1  0 2024-03-18 19:23:06
 3  1      0 31002848      0 661284    0    0  2384 15786 55440 113519  8 25 67  1  0 2024-03-18 19:23:07
 0  0      0 30974488      0 671044    0    0   600 24076 42052 94645  7 23 69  0  0 2024-03-18 19:23:08
 5  0      0 30914704      0 691564    0    0  1204 14124 43998 99206  7 27 66  0  0 2024-03-18 19:23:09
 4  0      0 30889860      0 703504    0    0  1492 54354 31170 97763  7 27 66  0  0 2024-03-18 19:23:10
 3  0      0 30860392      0 722156    0    0  1224 12514 9035 108590  7 21 72  1  0 2024-03-18 19:23:11
 2  1      0 30824332      0 740156    0    0  1772 12506 45116 94740  7 20 72  1  0 2024-03-18 19:23:12
 2  0      0 30804200      0 752516    0    0     0 24140 49342 108279  7 26 66  1  0 2024-03-18 19:23:13
 1  0      0 30758660      0 761764    0    0   584  9546 28043 58426  6 13 80  1  0 2024-03-18 19:23:14
 1  0      0 30770516      0 765500    0    0  3633   112 1816 1292  7  4 89  0  0 2024-03-18 19:23:15
 0  0      0 30786424      0 769456    0    0   524    42 1526  604  6  6 88  0  0 2024-03-18 19:23:16
 0  0      0 30786424      0 769456    0    0     0     0  128  197  0  0 100  0  0 2024-03-18 19:23:17
 0  0      0 30786424      0 769460    0    0     0     0   98  159  0  0 100  0  0 2024-03-18 19:23:18
 0  0      0 30786424      0 769460    0    0     9   263  163  251  0  0 100  0  0 2024-03-18 19:23:19
 0  0      0 30814772      0 769460    0    0     0 61483 1087  574  0  3 97  0  0 2024-03-18 19:23:20
 1  0      0 30800708      0 769972    0    0    64   538 3291 6186  1  3 97  0  0 2024-03-18 19:23:21
 6  0      0 30796584      0 770988    0    0     0 11101 33815 76221  6 13 81  0  0 2024-03-18 19:23:22
 2  0      0 30777680      0 770556    0    0     0 10206 35135 74782  6 13 81  0  0 2024-03-18 19:23:23
 2  0      0 30767560      0 771028    0    0     0 11121 35270 77065  6 13 81  0  0 2024-03-18 19:23:24
procs -----------memory---------- ---swap-- -----io---- -system-- ------cpu----- -----timestamp-----
 r  b   swpd   free   buff  cache   si   so    bi    bo   in   cs us sy id wa st                 EDT
 1  0      0 30757120      0 770540    0    0     0 10274 34435 75228  6 12 81  0  0 2024-03-18 19:23:25
 5  0      0 30740056      0 770244    0    0     0 10306 31422 72410  5 14 81  0  0 2024-03-18 19:23:26
 1  0      0 30746384      0 770056    0    0     0 10425 32788 70851  6 14 79  1  0 2024-03-18 19:23:27
 1  0      0 30750404      0 769636    0    0     0 21798 38958 80814  6 12 81  0  0 2024-03-18 19:23:28
 2  0      0 30734248      0 760976    0    0     0 10889 39175 81230  6 14 79  1  0 2024-03-18 19:23:29
 2  0      0 30728568      0 761524    0    0     0 11463 32821 72325  6 13 80  0  0 2024-03-18 19:23:30
 1  0      0 30715244      0 761904    0    0     0 11096 37844 80089  6 14 80  0  0 2024-03-18 19:23:31
 3  0      0 30712440      0 761612    0    0     0 10680 35024 75395  6 14 80  0  0 2024-03-18 19:23:32
 2  0      0 30704232      0 761644    0    0     0 10395 33802 75243  6 12 81  1  0 2024-03-18 19:23:33
 3  0      0 30704132      0 761484    0    0     0 10752 37766 79612  6 13 81  0  0 2024-03-18 19:23:34
 3  0      0 30720108      0 760540    0    0     0  9652 32031 70646  6 14 80  0  0 2024-03-18 19:23:35
 1  0      0 30770788      0 759368    0    0     0 22918 32589 71703  6 13 81  0  0 2024-03-18 19:23:36
 1  0      0 30803432      0 730456    0    0     0 11108 34193 75657  6 13 80  0  0 2024-03-18 19:23:37
 3  0      0 30789160      0 729676    0    0     0 10160 36938 77238  6 11 82  0  0 2024-03-18 19:23:38
 1  0      0 30781256      0 722396    0    0     0 11357 34790 77389  6 14 79  1  0 2024-03-18 19:23:39
 1  0      0 30771000      0 721952    0    0     0 10179 33527 72574  6 12 82  0  0 2024-03-18 19:23:40
 1  0      0 30763756      0 721704    0    0     0 10755 39738 84167  6 13 81  1  0 2024-03-18 19:23:41
 4  0      0 30759068      0 721400    0    0     0 10280 39420 80750  6 13 81  0  0 2024-03-18 19:23:42
 3  0      0 30826320      0 720180    0    0     0 22829 39581 79517  6 13 81  0  0 2024-03-18 19:23:43
 1  0      0 30817632      0 719896    0    0     0 11123 32615 71773  6 14 80  0  0 2024-03-18 19:23:44
 1  0      0 30888668      0 719336    0    0     0 25222 34535 75368  6 15 79  1  0 2024-03-18 19:23:45
procs -----------memory---------- ---swap-- -----io---- -system-- ------cpu----- -----timestamp-----
 r  b   swpd   free   buff  cache   si   so    bi    bo   in   cs us sy id wa st                 EDT
 1  0      0 30878900      0 719152    0    0     0 10384 34963 75092  6 13 81  0  0 2024-03-18 19:23:46
 2  0      0 31031744      0 611996    0    0     0 10473 36631 77533  6 14 79  0  0 2024-03-18 19:23:47
 1  0      0 31032224      0 612260    0    0     0 10967 33717 79286  6 12 81  1  0 2024-03-18 19:23:48
 2  0      0 31020744      0 611876    0    0     0 14061 28062 74196  6 12 81  1  0 2024-03-18 19:23:49
 3  1      0 31070192      0 603916    0    0     0 21728 33094 74156  6 15 79  0  0 2024-03-18 19:23:50
 2  0      0 31057848      0 604304    0    0     0 11232 37505 82221  6 14 79  1  0 2024-03-18 19:23:51
 1  0      0 31043336      0 605676    0    0     0 12266 38632 86239  6 12 81  1  0 2024-03-18 19:23:52
 2  1      0 31089752      0 572384    0    0     0  9536 33591 73142  6 14 80  0  0 2024-03-18 19:23:53
 4  0      0 31098020      0 573524    0    0     0 11505 33239 74796  6 15 79  1  0 2024-03-18 19:23:54
 2  0      0 31077824      0 573140    0    0     0 10264 33498 73634  6 12 81  1  0 2024-03-18 19:23:55
 2  0      0 31091876      0 573112    0    0     0 21460 32316 71717  6 14 80  0  0 2024-03-18 19:23:56
 2  0      0 31095968      0 565428    0    0     0 11396 38687 81212  6 14 80  1  0 2024-03-18 19:23:57
 2  1      0 31078628      0 565476    0    0     0 10319 36003 78982  6 13 81  0  0 2024-03-18 19:23:58
 4  0      0 31068296      0 565600    0    0     0 11525 37360 82710  6 13 81  0  0 2024-03-18 19:23:59
 0  0      0 31072884      0 565224    0    0     0 10219 38183 77045  6 11 82  0  0 2024-03-18 19:24:00
 1  0      0 31063496      0 564144    0    0     0  9595 35205 75548  6 12 81  1  0 2024-03-18 19:24:01
 3  0      0 31058072      0 563920    0    0     0 10361 33763 75711  6 13 81  0  0 2024-03-18 19:24:02
 0  0      0 31138844      0 562812    0    0     0 22865 31728 70295  6 14 80  0  0 2024-03-18 19:24:03
 1  0      0 31126720      0 563160    0    0     0 11611 35651 77593  6 13 80  1  0 2024-03-18 19:24:04
 2  0      0 31108740      0 563944    0    0     0 11502 37772 81025  6 14 79  0  0 2024-03-18 19:24:05
 3  0      0 31104472      0 556028    0    0     0 11476 32906 76574  6 12 81  0  0 2024-03-18 19:24:06
procs -----------memory---------- ---swap-- -----io---- -system-- ------cpu----- -----timestamp-----
 r  b   swpd   free   buff  cache   si   so    bi    bo   in   cs us sy id wa st                 EDT
 1  0      0 31089828      0 556504    0    0     0 11381 40025 84129  6 13 80  1  0 2024-03-18 19:24:07
 1  0      0 31163844      0 514844    0    0     0  9871 34221 72157  6 12 81  1  0 2024-03-18 19:24:08
 3  0      0 31146552      0 514488    0    0     0 10694 33241 73564  6 15 78  1  0 2024-03-18 19:24:09
 1  0      0 31258840      0 514164    0    0     0 23514 35045 76887  6 14 79  1  0 2024-03-18 19:24:10
 2  0      0 31536976      0 512820    0    0     0 13379 33407 71354  6 15 79  0  0 2024-03-18 19:24:11
 1  0      0 31532996      0 512936    0    0     0 10929 36086 77689  6 12 82  1  0 2024-03-18 19:24:12
 0  0      0 31692512      0 412356    0    0     0  8712 29891 66085  5 11 84  0  0 2024-03-18 19:24:13
 0  0      0 31692512      0 412356    0    0     0     0  127  183  0  0 100  0  0 2024-03-18 19:24:14
 0  0      0 31692260      0 412356    0    0     0     0  105  166  0  0 100  0  0 2024-03-18 19:24:15
 0  0      0 31692260      0 412356    0    0     0     0  111  171  0  0 100  0  0 2024-03-18 19:24:16
 0  0      0 31692260      0 412356    0    0     0     0  102  173  0  0 100  0  0 2024-03-18 19:24:17
 1  0      0 31936900      0 284356    0    0    76  3953 1036  745  1  4 95  0  0 2024-03-18 19:24:18
 4  0      0 32188220      0 122268    0    0 32638   580 5991 8075  4 15 81  0  0 2024-03-18 19:24:19
 2  0      0 32114260      0 151496    0    0  2941 16715 39507 88407  7 26 66  1  0 2024-03-18 19:24:20
 0  0      0 32045508      0 179164    0    0   440 15250 37151 89327  7 24 68  1  0 2024-03-18 19:24:21
 1  0      0 31982932      0 206472    0    0  1356 15415 36651 84253  8 24 67  1  0 2024-03-18 19:24:22
 2  0      0 31958820      0 221196    0    0   320 22088 40382 84640  6 22 71  1  0 2024-03-18 19:24:23
 2  0      0 31913712      0 235220    0    0   544 11298 37471 78313  7 20 73  1  0 2024-03-18 19:24:24
 2  0      0 31873336      0 241104    0    0   436 11939 45444 91802  7 23 69  1  0 2024-03-18 19:24:25
 0  0      0 31838024      0 255260    0    0  1104 11746 40838 84792  7 20 73  1  0 2024-03-18 19:24:26
 3  0      0 31816680      0 271640    0    0   724 26478 34782 78786  7 25 67  1  0 2024-03-18 19:24:27
procs -----------memory---------- ---swap-- -----io---- -system-- ------cpu----- -----timestamp-----
 r  b   swpd   free   buff  cache   si   so    bi    bo   in   cs us sy id wa st                 EDT
 3  0      0 31785156      0 283724    0    0   824 14801 43364 100958  7 27 66  1  0 2024-03-18 19:24:28
 4  0      0 31732836      0 303076    0    0   472 14521 44810 96943  7 25 67  0  0 2024-03-18 19:24:29
 7  0      0 31691448      0 313540    0    0   836 14188 46832 99325  8 25 67  0  0 2024-03-18 19:24:30
 2  0      0 31662628      0 336456    0    0  1428 27252 43934 97683  7 26 66  0  0 2024-03-18 19:24:31
 3  0      0 31640772      0 346224    0    0  1252 13228 42739 92393  7 23 70  0  0 2024-03-18 19:24:32
 1  0      0 31620572      0 362892    0    0   508 62257 11585 101257  6 24 69  1  0 2024-03-18 19:24:33
 2  0      0 31584308      0 379428    0    0   352 12620 7019 109045  7 23 70  1  0 2024-03-18 19:24:34
 3  0      0 31567820      0 394648    0    0   700 12660 28267 92853  7 22 70  0  0 2024-03-18 19:24:35
 1  0      0 31536700      0 406504    0    0   836 26258 49056 105711  8 24 68  0  0 2024-03-18 19:24:36
 3  0      0 31481124      0 421084    0    0  1592 14420 47287 101542  7 25 67  0  0 2024-03-18 19:24:37
 3  0      0 31427052      0 439716    0    0   520 13651 40314 90879  7 24 68  1  0 2024-03-18 19:24:38
 1  0      0 31400168      0 459720    0    0   296 27739 40027 94790  7 25 67  1  0 2024-03-18 19:24:39
 3  0      0 31395208      0 464604    0    0   208 47581 36583 78317  6 24 69  0  0 2024-03-18 19:24:40
 2  0      0 31347300      0 482928    0    0   892 12774 32249 80090  7 24 69  1  0 2024-03-18 19:24:41
 3  0      0 31320588      0 501568    0    0  1240 13044 39458 87647  7 23 70  0  0 2024-03-18 19:24:42
 6  0      0 31318156      0 507532    0    0   504 22596 38169 83681  7 23 70  1  0 2024-03-18 19:24:43
 4  0      0 31280340      0 524132    0    0  1004 12579 48191 95592  7 23 70  1  0 2024-03-18 19:24:44
 2  0      0 31219764      0 540688    0    0   256 12697 43615 89213  7 23 70  0  0 2024-03-18 19:24:45
 5  0      0 31203072      0 549308    0    0   344 62367 37604 84560  7 28 65  0  0 2024-03-18 19:24:46
 3  0      0 31163292      0 571116    0    0   552 15965 42299 98230  8 27 65  0  0 2024-03-18 19:24:47
 2  0      0 31140468      0 582944    0    0   396 14912 43330 98091  7 28 65  0  0 2024-03-18 19:24:48
procs -----------memory---------- ---swap-- -----io---- -system-- ------cpu----- -----timestamp-----
 r  b   swpd   free   buff  cache   si   so    bi    bo   in   cs us sy id wa st                 EDT
 3  0      0 31121236      0 597408    0    0   741 24307 45449 89874  6 21 72  1  0 2024-03-18 19:24:49
 1  0      0 31076392      0 613952    0    0   688 34971 39587 84278  7 26 67  1  0 2024-03-18 19:24:50
 2  0      0 31057700      0 622152    0    0  1636 49436 36477 82344  7 22 71  1  0 2024-03-18 19:24:51
 1  0      0 31030612      0 641736    0    0   716 14383 42818 98802  7 24 68  1  0 2024-03-18 19:24:52
 3  0      0 30986324      0 655928    0    0  1344 14493 43769 97055  7 28 64  1  0 2024-03-18 19:24:53
 3  0      0 30943920      0 677240    0    0  1800 25755 40027 87356  7 27 66  0  0 2024-03-18 19:24:54
 1  0      0 30893948      0 690632    0    0   236 12038 42676 86476  6 23 70  1  0 2024-03-18 19:24:55
 2  0      0 30850956      0 706648    0    0  1528 15632 43340 102720  8 29 63  0  0 2024-03-18 19:24:56
 2  0      0 30821948      0 724208    0    0   124 26853 37774 89870  7 26 67  0  0 2024-03-18 19:24:57
 2  0      0 30792612      0 737940    0    0   756 15205 43547 99692  7 28 65  0  0 2024-03-18 19:24:58
 5  0      0 30744892      0 748652    0    0   288 15287 41532 97985  7 24 69  0  0 2024-03-18 19:24:59
 2  0      0 30718732      0 763800    0    0   840 23581 39669 82416  7 21 71  0  0 2024-03-18 19:25:00
 3  0      0 30681856      0 779640    0    0   556 12669 41844 90296  7 23 70  0  0 2024-03-18 19:25:01
 2  0      0 30665316      0 796532    0    0   408 45183 42655 89241  7 28 65  1  0 2024-03-18 19:25:02
 0  0      0 30631840      0 806592    0    0  1112 13224 42830 92250  7 23 69  0  0 2024-03-18 19:25:03
 1  0      0 30597800      0 825792    0    0  1008 13828 42813 96221  8 23 69  0  0 2024-03-18 19:25:04
 3  0      0 30570564      0 834704    0    0   204 23133 42476 96559  7 24 69  0  0 2024-03-18 19:25:05
 5  2      0 30514412      0 855748    0    0  1196 33020 41481 97471  7 26 67  0  0 2024-03-18 19:25:06
 1  0      0 30506304      0 871264    0    0   324 40701 32689 72584  6 24 69  1  0 2024-03-18 19:25:07
 3  1      0 30485724      0 879524    0    0   168 13843 33398 82224  7 23 69  1  0 2024-03-18 19:25:08
 3  0      0 30471708      0 895652    0    0   416 22226 37114 84096  7 22 70  0  0 2024-03-18 19:25:09
procs -----------memory---------- ---swap-- -----io---- -system-- ------cpu----- -----timestamp-----
 r  b   swpd   free   buff  cache   si   so    bi    bo   in   cs us sy id wa st                 EDT
 5  0      0 30405984      0 913912    0    0   696 13398 49004 101114  8 24 68  0  0 2024-03-18 19:25:10
 1  0      0 30360640      0 926972    0    0   576 15124 50490 107994  7 22 70  0  0 2024-03-18 19:25:11
 4  0      0 30306152      0 944144    0    0   624 13050 38436 84726  7 26 66  1  0 2024-03-18 19:25:12
 2  0      0 30320592      0 955116    0    0   964 65003 42296 90041  7 26 67  1  0 2024-03-18 19:25:13
 1  0      0 30278512      0 976100    0    0  1136 14697 36551 83274  8 25 67  1  0 2024-03-18 19:25:14
 3  0      0 30249908      0 985932    0    0   912 14453 37044 87493  7 22 71  1  0 2024-03-18 19:25:15
 2  0      0 30210812      0 1008972    0    0  1244 24953 42008 94673  7 30 62  0  0 2024-03-18 19:25:16
 4  0      0 30165900      0 1020204    0    0   928 14741 32205 78488  7 26 66  1  0 2024-03-18 19:25:17
 2  0      0 30117024      0 1040644    0    0  1276 14209 38648 87695  7 25 68  0  0 2024-03-18 19:25:18
 1  0      0 30099716      0 1054680    0    0   476 56531 33151 68459  7 25 68  1  0 2024-03-18 19:25:19
 2  0      0 30071096      0 1060752    0    0   284 12706 42332 88986  7 21 71  0  0 2024-03-18 19:25:20
 0  0      0 30049508      0 1079568    0    0   288 57555 42429 89235  7 27 65  1  0 2024-03-18 19:25:21
 4  0      0 30025492      0 1087716    0    0   744 13454 45542 95328  7 24 69  0  0 2024-03-18 19:25:22
 2  0      0 29983768      0 1107288    0    0   696 14215 39735 91353  7 26 67  0  0 2024-03-18 19:25:23
 1  0      0 29950224      0 1121428    0    0   956 26281 46477 98114  7 27 65  1  0 2024-03-18 19:25:24
 0  0      0 29882732      0 1142704    0    0  1456 13693 41230 87190  7 28 64  0  0 2024-03-18 19:25:25
 5  0      0 29852076      0 1155752    0    0   184 12010 39487 82680  7 21 72  0  0 2024-03-18 19:25:26
 2  0      0 29847396      0 1163572    0    0   588 23444 43906 89008  7 24 68  1  0 2024-03-18 19:25:27
 4  0      0 29811600      0 1180936    0    0   528 12969 41611 89292  7 25 68  0  0 2024-03-18 19:25:28
 2  0      0 29762796      0 1200564    0    0     0 15441 42371 101521  7 26 67  0  0 2024-03-18 19:25:29
 3  0      0 29738048      0 1207932    0    0     0 23508 38251 82581  7 27 65  1  0 2024-03-18 19:25:30
procs -----------memory---------- ---swap-- -----io---- -system-- ------cpu----- -----timestamp-----
 r  b   swpd   free   buff  cache   si   so    bi    bo   in   cs us sy id wa st                 EDT
 3  0      0 29709820      0 1224380    0    0     0 13476 35480 82163  7 24 68  0  0 2024-03-18 19:25:31
 2  0      0 29658940      0 1232760    0    0     0 52808 39729 86531  7 25 68  1  0 2024-03-18 19:25:32
 3  0      0 29664408      0 1247372    0    0     0 23630 32753 77076  7 23 70  1  0 2024-03-18 19:25:33
 1  0      0 29641444      0 1261252    0    0     0 12232 23878 52941  6 19 75  1  0 2024-03-18 19:25:34
 0  0      0 29602132      0 1270660    0    0  4188  1914 4570 6811  7  6 87  0  0 2024-03-18 19:25:35
 1  0      0 29619864      0 1270692    0    0    48     0  707  385  2  2 96  0  0 2024-03-18 19:25:36
 1  0      0 29619236      0 1278880    0    0  1248    38 1496  556  6  6 87  0  0 2024-03-18 19:25:37
 0  0      0 29641552      0 1279164    0    0    36     0  244  235  0  0 100  0  0 2024-03-18 19:25:38
 0  0      0 29641552      0 1279164    0    0     0     0   95  162  0  0 100  0  0 2024-03-18 19:25:39
 0  0      0 29641552      0 1279164    0    0     0     0   85  151  0  0 100  0  0 2024-03-18 19:25:40
 0  0      0 29641552      0 1279164    0    0     0     4   91  156  0  0 100  0  0 2024-03-18 19:25:41
 0  0      0 29641552      0 1279164    0    0     0     0   83  142  0  0 100  0  0 2024-03-18 19:25:42
 2  0      0 29627600      0 1279128    0    0    64 10051 37075 78292  6 14 79  0  0 2024-03-18 19:25:43
 2  0      0 29610268      0 1271088    0    0     0 11314 32458 71573  5 14 81  0  0 2024-03-18 19:25:44
 1  0      0 29640872      0 1271056    0    0     0 22619 33191 74926  6 15 79  1  0 2024-03-18 19:25:45
 3  0      0 29626528      0 1271284    0    0     0 10573 35076 75272  6 13 81  0  0 2024-03-18 19:25:46
 2  0      0 29621756      0 1271040    0    0     0 10221 35492 76825  6 13 81  0  0 2024-03-18 19:25:47
 2  0      0 29602260      0 1270452    0    0     0 10721 36529 78166  6 14 80  1  0 2024-03-18 19:25:48
 0  0      0 29587332      0 1270388    0    0     0 10362 34841 74113  6 13 81  0  0 2024-03-18 19:25:49
 1  0      0 29575444      0 1270436    0    0     0 11286 39686 84167  6 13 82  0  0 2024-03-18 19:25:50
 1  0      0 29638976      0 1269440    0    0     0 67435 35205 74864  6 17 77  0  0 2024-03-18 19:25:51
procs -----------memory---------- ---swap-- -----io---- -system-- ------cpu----- -----timestamp-----
 r  b   swpd   free   buff  cache   si   so    bi    bo   in   cs us sy id wa st                 EDT
 1  0      0 29647472      0 1268556    0    0     0 10506 33832 73431  5 14 80  0  0 2024-03-18 19:25:52
 3  0      0 29723828      0 1219720    0    0     0 10315 35339 74905  6 13 80  1  0 2024-03-18 19:25:53
 5  0      0 29709824      0 1218888    0    0     0 10206 32605 73634  6 12 82  0  0 2024-03-18 19:25:54
 1  0      0 29701732      0 1218184    0    0     0 10115 34094 74452  6 13 81  0  0 2024-03-18 19:25:55
 2  0      0 29692716      0 1210328    0    0     0 11095 30343 69713  6 13 81  1  0 2024-03-18 19:25:56
 5  0      0 29686084      0 1210392    0    0     0 11688 35039 82447  6 14 80  0  0 2024-03-18 19:25:57
 2  0      0 29705052      0 1209712    0    0     0 21356 34737 74558  6 13 81  0  0 2024-03-18 19:25:58
 1  0      0 29690756      0 1209188    0    0     0 10214 35905 76896  6 13 81  1  0 2024-03-18 19:25:59
 2  0      0 29684160      0 1208140    0    0     0  9581 33654 70291  6 12 82  1  0 2024-03-18 19:26:00
 5  0      0 29674024      0 1208236    0    0     0 10965 33884 74608  6 13 81  0  0 2024-03-18 19:26:01
 1  0      0 29669800      0 1207212    0    0     0  9750 30613 67931  6 14 80  1  0 2024-03-18 19:26:02
 2  0      0 29672448      0 1206240    0    0     0 10060 30173 67739  6 13 80  1  0 2024-03-18 19:26:03
 0  0      0 29658988      0 1205304    0    0     0  9671 23790 70057  6 13 81  1  0 2024-03-18 19:26:04
 2  0      0 29714808      0 1204468    0    0     0 23318 35860 77760  5 15 79  0  0 2024-03-18 19:26:05
 2  0      0 29706100      0 1204248    0    0     0 10470 30189 67860  6 12 81  1  0 2024-03-18 19:26:06
 3  0      0 29704260      0 1203124    0    0     0  9689 28932 64103  6 14 80  0  0 2024-03-18 19:26:07
 1  0      0 29762584      0 1156468    0    0     0  9703 33018 71744  6 13 81  0  0 2024-03-18 19:26:08
 1  0      0 29760332      0 1154848    0    0     0 17815 31856 66936  6 13 81  1  0 2024-03-18 19:26:09
 2  0      0 29749108      0 1153976    0    0     0  9833 31430 68215  6 13 80  0  0 2024-03-18 19:26:10
 2  1      0 29737456      0 1153844    0    0     0 10486 33523 72782  6 13 80  1  0 2024-03-18 19:26:11
 1  0      0 29827176      0 1151972    0    0     0 22816 29317 63739  5 15 78  1  0 2024-03-18 19:26:12
procs -----------memory---------- ---swap-- -----io---- -system-- ------cpu----- -----timestamp-----
 r  b   swpd   free   buff  cache   si   so    bi    bo   in   cs us sy id wa st                 EDT
 1  0      0 29972592      0 1062904    0    0     0  9341 26992 60641  6 13 80  0  0 2024-03-18 19:26:13
 2  1      0 29967956      0 1061784    0    0     0  9693 32849 69318  6 13 81  0  0 2024-03-18 19:26:14
 3  0      0 29972000      0 1062040    0    0     0 11048 34643 74481  6 13 81  1  0 2024-03-18 19:26:15
 3  0      0 29952232      0 1061016    0    0     0  9627 29788 66294  6 11 82  0  0 2024-03-18 19:26:16
 1  0      0 29956836      0 1059992    0    0     0 10164 32334 69535  6 13 80  1  0 2024-03-18 19:26:17
 2  0      0 29939564      0 1058160    0    0     0  9235 30612 65387  6 13 81  0  0 2024-03-18 19:26:18
 1  0      0 29931900      0 1057272    0    0     0  9311 30561 65459  6 12 82  1  0 2024-03-18 19:26:19
 2  0      0 29920876      0 1055728    0    0     0  8768 28159 61477  6 13 81  0  0 2024-03-18 19:26:20
 3  0      0 30006528      0 1053188    0    0     0 24778 27477 59981  5 13 81  1  0 2024-03-18 19:26:21
 2  0      0 30006216      0 1053256    0    0     0 11229 37212 80084  6 12 82  0  0 2024-03-18 19:26:22
 2  0      0 30008896      0 1053280    0    0     0 10546 30154 68818  6 11 83  0  0 2024-03-18 19:26:23
 1  0      0 30089564      0 986436    0    0     0 10593 32961 71505  6 15 79  0  0 2024-03-18 19:26:24
 3  0      0 30080144      0 985432    0    0     0 10265 36109 75475  6 13 82  0  0 2024-03-18 19:26:25
 2  0      0 30067392      0 985556    0    0     0 10309 34209 74216  6 12 82  0  0 2024-03-18 19:26:26
 1  0      0 30070108      0 984684    0    0     0 10282 36004 73939  6 14 80  0  0 2024-03-18 19:26:27
 1  0      0 30062068      0 985280    0    0     0 11378 35424 79951  6 12 82  0  0 2024-03-18 19:26:28
 2  0      0 30076516      0 984964    0    0     0 23915 34292 76675  6 14 80  0  0 2024-03-18 19:26:29
 2  0      0 30068164      0 983956    0    0     0  9856 35494 73939  6 12 81  0  0 2024-03-18 19:26:30
 2  0      0 30059580      0 984328    0    0     0 11156 35327 74654  6 12 81  1  0 2024-03-18 19:26:31
 1  0      0 30058068      0 983780    0    0     0 10156 31915 69832  6 13 81  0  0 2024-03-18 19:26:32
 3  0      0 30048100      0 982880    0    0     0  9939 30208 68245  6 13 81  0  0 2024-03-18 19:26:33
procs -----------memory---------- ---swap-- -----io---- -system-- ------cpu----- -----timestamp-----
 r  b   swpd   free   buff  cache   si   so    bi    bo   in   cs us sy id wa st                 EDT
 2  0      0 30142668      0 981328    0    0     0 20147 29618 67107  5 15 79  1  0 2024-03-18 19:26:34
 3  0      0 30132132      0 980632    0    0     0  9805 35897 74939  6 12 81  0  0 2024-03-18 19:26:35
 1  0      0 30136900      0 980000    0    0     0 10362 30885 71925  6 11 82  0  0 2024-03-18 19:26:36
 4  1      0 30123396      0 978932    0    0     0  9588 32588 69360  5 12 82  0  0 2024-03-18 19:26:37
 2  0      0 30133504      0 970732    0    0     0 10603 31604 69086  6 12 82  0  0 2024-03-18 19:26:38
 2  0      0 30304796      0 916312    0    0     0 19560 28550 70748  6 15 79  0  0 2024-03-18 19:26:39
 1  0      0 30350356      0 914744    0    0     0 10120 26601 72047  6 13 81  0  0 2024-03-18 19:26:40
 2  0      0 30340868      0 914044    0    0     0  9722 31176 68241  6 13 80  1  0 2024-03-18 19:26:41
 1  0      0 30325496      0 914024    0    0     0 10929 34438 75285  6 13 81  1  0 2024-03-18 19:26:42
 5  0      0 30314540      0 914084    0    0     0 10796 32835 74894  6 13 80  1  0 2024-03-18 19:26:43
 3  0      0 30425292      0 837456    0    0     0 10061 34285 74549  6 15 79  1  0 2024-03-18 19:26:44
 5  0      0 30431704      0 837092    0    0     0 10775 32151 70460  6 14 80  0  0 2024-03-18 19:26:45
 7  0      0 30435392      0 835764    0    0     0 10070 36366 75809  6 12 82  0  0 2024-03-18 19:26:46
 1  0      0 30439232      0 835572    0    0     0 22250 31869 70174  6 13 80  0  0 2024-03-18 19:26:47
 0  0      0 30423380      0 835732    0    0     0 10736 34352 77191  6 12 82  0  0 2024-03-18 19:26:48
 2  1      0 30411232      0 834936    0    0     0 10480 36559 77140  7 12 80  1  0 2024-03-18 19:26:49
 2  0      0 30402804      0 834872    0    0     0 10751 31350 73096  6 12 81  1  0 2024-03-18 19:26:50
 1  0      0 30574456      0 833208    0    0     0 25704 33168 71572  6 16 77  0  0 2024-03-18 19:26:51
 2  0      0 30559300      0 832400    0    0     0  9793 29825 66070  6 13 81  1  0 2024-03-18 19:26:52
 2  0      0 30563604      0 825088    0    0     0 11443 30212 70799  6 14 80  0  0 2024-03-18 19:26:53
 2  0      0 30694952      0 736948    0    0     0 11164 31547 71897  6 15 79  0  0 2024-03-18 19:26:54
procs -----------memory---------- ---swap-- -----io---- -system-- ------cpu----- -----timestamp-----
 r  b   swpd   free   buff  cache   si   so    bi    bo   in   cs us sy id wa st                 EDT
 4  0      0 30690828      0 736372    0    0     0 10163 31069 68604  6 13 81  0  0 2024-03-18 19:26:55
 4  0      0 30693544      0 735064    0    0     0  9769 33091 72162  6 12 82  1  0 2024-03-18 19:26:56
 3  0      0 30701664      0 734572    0    0     0 10176 23675 76295  6 11 83  0  0 2024-03-18 19:26:57
 2  0      0 30701824      0 734476    0    0     0 22528 33048 72078  6 14 79  1  0 2024-03-18 19:26:58
 4  0      0 30693288      0 733900    0    0     0 11086 32480 72985  6 14 79  1  0 2024-03-18 19:26:59
 2  1      0 30682976      0 733064    0    0     0 10057 28796 74954  6 13 81  0  0 2024-03-18 19:27:00
 2  0      0 30790496      0 731536    0    0     0 15756 34939 76674  6 14 80  0  0 2024-03-18 19:27:01
 4  0      0 30810152      0 731344    0    0     0 10510 25763 74828  6 12 81  0  0 2024-03-18 19:27:02
 1  0      0 30798812      0 722776    0    0     0 11561 34063 81493  5 13 81  0  0 2024-03-18 19:27:03
 2  0      0 30779400      0 722528    0    0     0 10737 36018 75648  6 14 80  0  0 2024-03-18 19:27:04
 2  0      0 30971124      0 635216    0    0     0 17009 31853 71204  6 16 78  0  0 2024-03-18 19:27:05
 1  0      0 30971708      0 634164    0    0     0 10464 36056 76182  6 11 83  0  0 2024-03-18 19:27:06
 3  0      0 30962584      0 634276    0    0     0 11313 32607 77820  6 11 83  0  0 2024-03-18 19:27:07
 3  0      0 30942904      0 634064    0    0     0 10507 32751 70936  6 13 81  1  0 2024-03-18 19:27:08
 1  0      0 30946972      0 634528    0    0     0 11265 30376 76011  6 13 80  0  0 2024-03-18 19:27:09
 3  0      0 30950324      0 626616    0    0     0 11791 34971 76983  6 14 80  1  0 2024-03-18 19:27:10
 1  0      0 30935656      0 625708    0    0     0  9891 29463 64107  6 14 80  0  0 2024-03-18 19:27:11
 1  0      0 31087020      0 625104    0    0     0 25865 33985 73691  6 17 77  1  0 2024-03-18 19:27:12
 1  0      0 31090744      0 623928    0    0     0  9937 32648 72454  6 12 82  0  0 2024-03-18 19:27:13
 3  0      0 31076596      0 624456    0    0     0 11600 34675 75248  6 14 80  0  0 2024-03-18 19:27:14
 1  0      0 31068768      0 623200    0    0     0  9405 33509 68471  6 13 81  0  0 2024-03-18 19:27:15
procs -----------memory---------- ---swap-- -----io---- -system-- ------cpu----- -----timestamp-----
 r  b   swpd   free   buff  cache   si   so    bi    bo   in   cs us sy id wa st                 EDT
 3  0      0 31127876      0 575196    0    0     0 13272 36891 82728  6 16 77  1  0 2024-03-18 19:27:16
 4  0      0 31114404      0 574492    0    0     0 10060 34110 70755  6 12 81  0  0 2024-03-18 19:27:17
 0  0      0 31112416      0 574696    0    0     0 10891 33103 72175  6 15 79  0  0 2024-03-18 19:27:18
 0  0      0 31135220      0 566980    0    0     0 23933 35504 75053  6 14 80  0  0 2024-03-18 19:27:19
 1  0      0 31131632      0 565576    0    0     0 10292 35377 72304  6 13 81  0  0 2024-03-18 19:27:20
 1  0      0 31298236      0 564052    0    0     0 26019 37005 74982  5 15 79  1  0 2024-03-18 19:27:21
 3  0      0 31315596      0 563672    0    0     0 11015 34271 74840  6 13 80  0  0 2024-03-18 19:27:22
 2  0      0 31302176      0 563820    0    0     0 11048 39619 83603  6 13 81  0  0 2024-03-18 19:27:23
 2  0      0 31285284      0 563460    0    0     0 10714 32715 75770  6 13 81  0  0 2024-03-18 19:27:24
 2  0      0 31282528      0 563848    0    0     0 11835 38119 82436  6 14 79  1  0 2024-03-18 19:27:25
 3  0      0 31419864      0 471128    0    0     0 10285 34229 73830  6 15 78  0  0 2024-03-18 19:27:26
 0  0      0 31416600      0 471084    0    0     0 10803 33344 73669  6 13 81  0  0 2024-03-18 19:27:27
 4  0      0 31407300      0 461988    0    0     0 11123 30820 71107  6 13 81  0  0 2024-03-18 19:27:28
 0  0      0 31405444      0 467184    0    0     0  7414 20249 49148  4  8 88  0  0 2024-03-18 19:27:29
 0  0      0 31405444      0 467184    0    0     0     0  103  160  0  0 100  0  0 2024-03-18 19:27:30
 0  0      0 31405444      0 467184    0    0     0     0  111  166  0  0 100  0  0 2024-03-18 19:27:31
 0  0      0 31405444      0 467188    0    0     0     0  119  159  0  0 100  0  0 2024-03-18 19:27:32
 0  0      0 31405444      0 467188    0    0     0     0  115  178  0  0 100  0  0 2024-03-18 19:27:33
