procs -----------memory---------- ---swap-- -----io---- -system-- ------cpu----- -----timestamp-----
 r  b   swpd   free   buff  cache   si   so    bi    bo   in   cs us sy id wa st                 EDT
 2  0      0 31595372      0 550864    0    0     1     8   21   13  0  0 100  0  0 2024-03-19 21:34:47
 1  0      0 32216956      0 119808    0    0 30761    17 2245 1968  2 10 87  0  0 2024-03-19 21:34:48
 1  0      0 32160948      0 136372    0    0  7029     0 2268 2465  2 10 88  0  0 2024-03-19 21:34:49
 1  0      0 32092428      0 162488    0    0  5900     0 1987 2423  1 11 88  0  0 2024-03-19 21:34:50
 0  0      0 32040460      0 188152    0    0  5852  8320 2236 2720  2 11 88  0  0 2024-03-19 21:34:51
 1  0      0 31971912      0 213792    0    0  6116     0 1983 2399  1 11 88  0  0 2024-03-19 21:34:52
 1  0      0 31921728      0 239264    0    0  6413  8356 2332 2966  2 11 87  0  0 2024-03-19 21:34:53
 1  0      0 31870308      0 265044    0    0  5936     0 2053 2527  1 10 88  0  0 2024-03-19 21:34:54
 1  0      0 31816632      0 291000    0    0  5060  8320 2226 2632  2 11 87  0  0 2024-03-19 21:34:55
 1  0      0 31768412      0 316888    0    0  6224     0 2024 2428  2 10 88  0  0 2024-03-19 21:34:56
 1  0      0 31701576      0 342620    0    0  5208     0 1886 2062  2 11 88  0  0 2024-03-19 21:34:57
 1  0      0 31662292      0 356384    0    0  5285  8329 2106 1964  6  7 87  0  0 2024-03-19 21:34:58
 0  0      0 31661816      0 356104    0    0   752     0  247  254  1  0 99  0  0 2024-03-19 21:34:59
 1  0      0 31678960      0 356704    0    0    20     0 1647  558  5  7 88  0  0 2024-03-19 21:35:00
 0  0      0 31699436      0 356732    0    0    84     0  318  191  1  1 98  0  0 2024-03-19 21:35:01
 0  0      0 31699436      0 356732    0    0     0     0   75  101  0  0 100  0  0 2024-03-19 21:35:02
 0  0      0 31699436      0 356732    0    0     0    24   91  110  0  0 100  0  0 2024-03-19 21:35:03
 0  0      0 31699436      0 356732    0    0     0     0   81   94  0  0 100  0  0 2024-03-19 21:35:04
 0  0      0 31699436      0 356732    0    0     0     0   83  103  0  0 100  0  0 2024-03-19 21:35:05
 2  0      0 31680532      0 356772    0    0    64     0 2902 2626  1 11 89  0  0 2024-03-19 21:35:06
 4  0      0 31677608      0 356764    0    0     0 12360 2084 2179  0 14 86  0  0 2024-03-19 21:35:07
procs -----------memory---------- ---swap-- -----io---- -system-- ------cpu----- -----timestamp-----
 r  b   swpd   free   buff  cache   si   so    bi    bo   in   cs us sy id wa st                 EDT
 0  0      0 31706024      0 356764    0    0    16  4713 1771 1444  1 12 88  0  0 2024-03-19 21:35:08
 0  0      0 31705776      0 356748    0    0     0    33  116  178  0  0 100  0  0 2024-03-19 21:35:09
 0  0      0 31840204      0 356748    0    0     0  9721  513  648  0  1 99  0  0 2024-03-19 21:35:10
 0  0      0 31914132      0 339520    0    0     0     0  267  262  0  2 99  0  0 2024-03-19 21:35:11
 0  0      0 31914132      0 339380    0    0     0     0  115  178  0  0 100  0  0 2024-03-19 21:35:12
 1  0      0 31912372      0 339452    0    0    76     0  301  234  1  1 99  0  0 2024-03-19 21:35:13
 1  0      0 32201392      0 121800    0    0 30796   396 2200 1964  2 10 87  0  0 2024-03-19 21:35:14
 3  0      0 32109492      0 152028    0    0  7767     0 4416 5202  3 19 78  0  0 2024-03-19 21:35:15
 2  0      0 32014860      0 188252    0    0  5664  8320 4703 5438  3 21 76  0  0 2024-03-19 21:35:16
 2  0      0 31938236      0 224300    0    0  5276  8320 4495 4915  2 22 76  0  0 2024-03-19 21:35:17
 2  0      0 31859964      0 260468    0    0  5380  8324 4535 5045  3 21 76  0  0 2024-03-19 21:35:18
 2  0      0 31774064      0 296200    0    0  5960    32 4238 4761  3 21 76  0  0 2024-03-19 21:35:19
 2  0      0 31706460      0 332168    0    0  5432  9952 4691 5317  3 22 76  0  0 2024-03-19 21:35:20
 0  0      0 31636004      0 368576    0    0  5048  8352 4571 5078  3 21 76  0  0 2024-03-19 21:35:21
 2  0      0 31574728      0 404096    0    0  5088 32440 4623 4881  3 22 75  0  0 2024-03-19 21:35:22
 2  0      0 31490776      0 441432    0    0  5356 10456 4330 4820  3 22 75  0  0 2024-03-19 21:35:23
 1  0      0 31412916      0 477048    0    0  4700 34719 4663 4819  3 22 74  0  0 2024-03-19 21:35:24
 1  0      0 31414620      0 481624    0    0  4222    17 1685 1066  7  4 89  0  0 2024-03-19 21:35:25
 0  0      0 31418296      0 482712    0    0   108     0 1477  504  5  7 88  0  0 2024-03-19 21:35:26
 0  0      0 31417792      0 482720    0    0     0     0  100  147  0  0 100  0  0 2024-03-19 21:35:27
 0  0      0 31417792      0 482720    0    0     0     4   91  138  0  0 100  0  0 2024-03-19 21:35:28
procs -----------memory---------- ---swap-- -----io---- -system-- ------cpu----- -----timestamp-----
 r  b   swpd   free   buff  cache   si   so    bi    bo   in   cs us sy id wa st                 EDT
 0  0      0 31417792      0 482720    0    0     0    12   93  136  0  0 100  0  0 2024-03-19 21:35:29
 0  0      0 31417792      0 482720    0    0     0     4  119  145  0  0 100  0  0 2024-03-19 21:35:30
 3  0      0 31417052      0 482720    0    0    64     0  465  676  0  1 99  0  0 2024-03-19 21:35:31
 4  0      0 31388476      0 482716    0    0     0     0 11589 18589  1 23 76  0  0 2024-03-19 21:35:32
 4  0      0 31427916      0 482264    0    0     0 55990 11876 18882  1 25 74  0  0 2024-03-19 21:35:33
 2  0      0 31441080      0 481688    0    0     0  8988 9744 15157  1 22 76  0  0 2024-03-19 21:35:34
 2  0      0 31411592      0 481388    0    0     0     0 9842 14854  1 23 76  0  0 2024-03-19 21:35:35
 2  0      0 31522472      0 479352    0    0     0 33586 12207 20943  1 25 74  0  0 2024-03-19 21:35:36
 0  0      0 31626264      0 432692    0    0     0     0 4997 8232  1 14 85  0  0 2024-03-19 21:35:37
 0  0      0 31626264      0 432304    0    0     0     0   98  147  0  0 100  0  0 2024-03-19 21:35:38
 0  0      0 31626264      0 432304    0    0     0   265  110  174  0  0 100  0  0 2024-03-19 21:35:39
 0  0      0 31784856      0 432096    0    0     0  5365  339  483  0  1 99  0  0 2024-03-19 21:35:40
 0  0      0 31784856      0 432096    0    0     0     0   98  154  0  0 100  0  0 2024-03-19 21:35:41
 1  0      0 32168120      0 152936    0    0    76   318 1150  722  1  7 93  0  0 2024-03-19 21:35:42
 4  0      0 32154032      0 133644    0    0 34934     0 4657 5540  4 16 79  0  0 2024-03-19 21:35:43
 2  0      0 31977328      0 192772    0    0  5360  8320 11065 14678  5 41 53  0  0 2024-03-19 21:35:44
 1  0      0 31856864      0 252268    0    0  5536 16800 11123 14315  5 42 53  0  0 2024-03-19 21:35:45
 2  0      0 31723160      0 311804    0    0  4764 16736 10806 13496  5 43 52  0  0 2024-03-19 21:35:46
 4  0      0 31612544      0 370736    0    0  5504 34782 11734 14947  5 43 52  0  0 2024-03-19 21:35:47
 1  0      0 31478300      0 430208    0    0  5784 42190 12026 15511  5 43 52  0  0 2024-03-19 21:35:48
 4  0      0 31344300      0 488376    0    0  5104 42326 13504 18812  5 44 51  0  0 2024-03-19 21:35:49
procs -----------memory---------- ---swap-- -----io---- -system-- ------cpu----- -----timestamp-----
 r  b   swpd   free   buff  cache   si   so    bi    bo   in   cs us sy id wa st                 EDT
 5  0      0 31206224      0 548676    0    0  4908  8352 13278 19287  5 42 52  0  0 2024-03-19 21:35:50
 4  0      0 31094872      0 608236    0    0  5092 42097 12023 15529  5 43 52  0  0 2024-03-19 21:35:51
 6  0      0 30964964      0 666636    0    0  4716 41134 11628 14587  5 43 52  0  0 2024-03-19 21:35:52
 4  0      0 30839988      0 724528    0    0  4740 35471 12480 16653  5 43 52  0  0 2024-03-19 21:35:53
 0  0      0 30803252      0 731584    0    0  4201     0 1592 1367  6  4 90  0  0 2024-03-19 21:35:54
 1  0      0 30814580      0 731600    0    0    20     0  942  387  3  4 94  0  0 2024-03-19 21:35:55
 0  0      0 30845860      0 733532    0    0   132    21 1136  480  4  4 92  0  0 2024-03-19 21:35:56
 0  0      0 30845608      0 733536    0    0     0     0   99  138  0  0 100  0  0 2024-03-19 21:35:57
 0  0      0 30845608      0 733536    0    0     0     0   89  145  0  0 100  0  0 2024-03-19 21:35:58
 0  0      0 30845608      0 733540    0    0     0   952  147  172  0  0 100  0  0 2024-03-19 21:35:59
 0  0      0 30845608      0 733540    0    0     0     0   91  131  0  0 100  0  0 2024-03-19 21:36:00
 6  0      0 30829528      0 733472    0    0    64     0 16678 37210  1 16 83  0  0 2024-03-19 21:36:01
 5  0      0 30836292      0 730920    0    0     0 51468 37947 84658  1 37 61  0  0 2024-03-19 21:36:02
 5  0      0 30804284      0 729312    0    0     0 10496 37998 86329  1 36 63  0  0 2024-03-19 21:36:03
 4  0      0 30871824      0 727024    0    0     0 37329 33486 76399  1 35 64  0  0 2024-03-19 21:36:04
 2  0      0 30842440      0 725040    0    0     0 12704 38123 82982  1 36 63  0  0 2024-03-19 21:36:05
 6  0      0 30937408      0 701496    0    0     0  6290 30850 67770  1 33 65  0  0 2024-03-19 21:36:06
 5  0      0 31152860      0 640040    0    0     0 14567 33803 73366  1 35 63  0  0 2024-03-19 21:36:07
 4  0      0 31127804      0 638416    0    0     0 11104 29956 64297  1 31 67  0  0 2024-03-19 21:36:08
 5  0      0 31188692      0 636204    0    0     0 12873 35710 81241  1 34 65  0  0 2024-03-19 21:36:09
 0  0      0 31459932      0 634816    0    0     0  4719 7766 15668  0 11 89  0  0 2024-03-19 21:36:10
procs -----------memory---------- ---swap-- -----io---- -system-- ------cpu----- -----timestamp-----
 r  b   swpd   free   buff  cache   si   so    bi    bo   in   cs us sy id wa st                 EDT
 0  0      0 31459452      0 634500    0    0     0     0  103  170  0  0 100  0  0 2024-03-19 21:36:11
 0  0      0 31646104      0 554956    0    0     0     0  470  363  0  3 97  0  0 2024-03-19 21:36:12
 0  0      0 31646312      0 554760    0    0     0     0   90  158  0  0 100  0  0 2024-03-19 21:36:13
 0  0      0 31646312      0 554760    0    0     0     0  107  177  0  0 100  0  0 2024-03-19 21:36:14
 1  0      0 32218656      0 121048    0    0 28728   942 1747 1296  2  7 91  0  0 2024-03-19 21:36:15
 8  0      0 32078128      0 163052    0    0  7367  8704 19179 30755  6 41 53  0  0 2024-03-19 21:36:16
 8  0      0 31832120      0 258476    0    0  4640 17056 45821 78208 10 79 12  0  0 2024-03-19 21:36:17
 8  0      0 31653792      0 348124    0    0  4600 50147 40643 65993  9 74 17  0  0 2024-03-19 21:36:18
 8  0      0 31447656      0 435772    0    0  4008 51571 40618 66721  9 75 16  0  0 2024-03-19 21:36:19
 9  0      0 31253088      0 518440    0    0  4072 52816 32809 51355  8 69 23  0  0 2024-03-19 21:36:20
 8  0      0 31057512      0 609560    0    0  4480 87286 32153 48782  9 73 17  0  0 2024-03-19 21:36:21
 8  0      0 30862932      0 701440    0    0  4912 32511 46237 78152  9 76 15  0  0 2024-03-19 21:36:22
 4  0      0 30666740      0 788040    0    0  4132 54096 42147 69631  9 73 19  0  0 2024-03-19 21:36:23
10  0      0 30479884      0 868320    0    0  3696 78654 43052 71261  8 68 24  0  0 2024-03-19 21:36:24
 5  0      0 30301776      0 955268    0    0  3420 27452 47920 81733  9 73 18  0  0 2024-03-19 21:36:25
 5  0      0 30099912      0 1041136    0    0  4632 51831 49946 85257  9 72 19  0  0 2024-03-19 21:36:26
 6  0      0 29930152      0 1116520    0    0  3252 47282 48823 83145  8 68 24  0  0 2024-03-19 21:36:27
 6  0      0 29766528      0 1192268    0    0  3248 72647 50700 86447  8 66 26  0  0 2024-03-19 21:36:28
 1  0      0 29673620      0 1231520    0    0  4821 10320 14115 21003  9 30 61  0  0 2024-03-19 21:36:29
 1  0      0 29712296      0 1235808    0    0   772  1765 1651  728  6  5 89  0  0 2024-03-19 21:36:30
 0  0      0 29706248      0 1235952    0    0    84     0  971  631  2  3 94  0  0 2024-03-19 21:36:31
procs -----------memory---------- ---swap-- -----io---- -system-- ------cpu----- -----timestamp-----
 r  b   swpd   free   buff  cache   si   so    bi    bo   in   cs us sy id wa st                 EDT
 0  0      0 29706248      0 1235992    0    0     0     0   86  129  0  0 100  0  0 2024-03-19 21:36:32
 0  0      0 29706248      0 1235992    0    0     0     0   69  114  0  0 100  0  0 2024-03-19 21:36:33
 0  0      0 29706248      0 1235996    0    0     0    16  210  198  0  0 100  0  0 2024-03-19 21:36:34
 0  0      0 29706248      0 1235996    0    0     0     0   89  132  0  0 100  0  0 2024-03-19 21:36:35
 6  0      0 29700264      0 1235320    0    0    64 38992 22932 64254  1 21 78  0  0 2024-03-19 21:36:36
 4  0      0 29664740      0 1228856    0    0     0  5297 50360 140747  2 40 59  0  0 2024-03-19 21:36:37
 6  0      0 29736072      0 1225404    0    0     0 50147 36200 98354  2 37 62  0  0 2024-03-19 21:36:38
 3  0      0 29683280      0 1218932    0    0     0     0 47052 132474  1 37 62  0  0 2024-03-19 21:36:39
 2  0      0 29757556      0 1213880    0    0     0 33331 36492 105284  1 36 63  0  0 2024-03-19 21:36:40
 5  0      0 29936136      0 1075564    0    0     0 12676 40859 121237  1 38 61  0  0 2024-03-19 21:36:41
 4  0      0 29965516      0 1069032    0    0     0 11872 40617 118065  2 35 63  0  0 2024-03-19 21:36:42
 8  0      0 30055408      0 1062544    0    0     0 10446 41169 117565  2 37 62  0  0 2024-03-19 21:36:43
 4  0      0 30024968      0 1057568    0    0     0 13152 41304 120978  2 36 63  0  0 2024-03-19 21:36:44
 5  0      0 30149708      0 1051480    0    0     0 10324 36446 106042  1 34 65  0  0 2024-03-19 21:36:45
 4  0      0 30118520      0 1048624    0    0     0 12960 35489 110049  1 33 66  0  0 2024-03-19 21:36:46
 4  0      0 30538872      0 833008    0    0     0 11404 43304 127070  1 42 56  0  0 2024-03-19 21:36:47
 2  0      0 30653816      0 827340    0    0     0 20318 39288 110076  2 37 62  0  0 2024-03-19 21:36:48
 3  0      0 30615884      0 822300    0    0     0 13024 44487 125341  1 36 63  0  0 2024-03-19 21:36:49
 1  0      0 30722044      0 815904    0    0     0 14780 40080 116483  1 37 62  0  0 2024-03-19 21:36:50
 3  0      0 30800152      0 810264    0    0     0 24478 39178 110606  1 37 61  0  0 2024-03-19 21:36:51
 3  0      0 30795508      0 790280    0    0     0 11744 41524 117911  2 37 62  0  0 2024-03-19 21:36:52
procs -----------memory---------- ---swap-- -----io---- -system-- ------cpu----- -----timestamp-----
 r  b   swpd   free   buff  cache   si   so    bi    bo   in   cs us sy id wa st                 EDT
 4  0      0 31122400      0 648024    0    0     0 14590 43085 129791  1 37 62  0  0 2024-03-19 21:36:53
 3  0      0 31323756      0 641160    0    0     0 20721 50276 136483  2 38 60  0  0 2024-03-19 21:36:54
 0  0      0 31312740      0 638184    0    0     0     8 9895 22279  0  9 91  0  0 2024-03-19 21:36:55
 0  0      0 31312740      0 638184    0    0     0     0  107  166  0  0 100  0  0 2024-03-19 21:36:56
 0  0      0 31312740      0 638184    0    0     0     0  115  163  0  0 100  0  0 2024-03-19 21:36:57
 0  0      0 31501808      0 517264    0    0     0     0  441  399  0  3 97  0  0 2024-03-19 21:36:58
 0  0      0 31501808      0 517264    0    0     0     0   93  155  0  0 100  0  0 2024-03-19 21:36:59
