# To display the perf.data header info, please use --header/--header-only options.
#
#
# Total Lost Samples: 0
#
# Samples: 138K of event 'cycles'
# Event count (approx.): 1028843085381
#
# Overhead       sys       usr      Pid:Command        
# ........  ........  ........  .......................
#
    26.46%     3.53%    22.93%    11817:fapolicyd      
     7.11%     7.11%     0.00%        0:swapper        
     6.15%     1.58%     4.57%    14721:OASManager     
     6.09%     1.49%     4.60%    14724:OASManager     
     6.02%     1.55%     4.47%    14729:OASManager     
     5.99%     1.59%     4.40%    14726:OASManager     
     5.91%     1.53%     4.38%    14718:OASManager     
     5.16%     3.07%     2.10%    14776:OAS Res Br<-Mgr
     4.92%     3.03%     1.89%    11328:in:imjournal   
     4.47%     4.23%     0.23%    14797:cp             
     4.32%     3.00%     1.31%    14760:Collect FA Evnt
     3.39%     1.16%     2.23%    14775:OAS Req Br->Mgr
     3.31%     1.67%     1.64%      848:systemd-journal
     2.66%     1.39%     1.27%      991:auditd         
     1.44%     1.07%     0.37%      995:audisp-syslog  
     1.12%     0.96%     0.16%    11815:fapolicyd      
     1.04%     0.80%     0.24%      996:auditd         
     0.99%     0.61%     0.38%    14735:OAS Req Mgr<-Br
     0.95%     0.65%     0.30%    14733:OAS Res Mgr->Br
     0.40%     0.32%     0.07%    14762:Send FA Reply  
     0.32%     0.32%     0.00%       78:kauditd        
     0.28%     0.19%     0.09%    14720:Timeout Thread 
     0.25%     0.16%     0.09%    14722:Timeout Thread 
     0.13%     0.13%     0.00%       17:rcu_preempt    
     0.10%     0.06%     0.04%    11329:rs:main Q:Reg  
     0.09%     0.05%     0.04%     1078:masvc          
     0.06%     0.06%     0.00%      993:auditd         
     0.05%     0.05%     0.00%      972:xfsaild/dm-2   
     0.05%     0.05%     0.00%    14799:kworker/3:1    
     0.04%     0.04%     0.00%    14803:journal-offline
     0.04%     0.04%     0.00%    14802:journal-offline
     0.04%     0.04%     0.00%    14801:journal-offline
     0.04%     0.04%     0.00%    14800:journal-offline
     0.04%     0.03%     0.01%    14807:journal-offline
     0.04%     0.01%     0.03%    14717:GTI LookUp Mgr 
     0.04%     0.04%     0.00%      127:kworker/1:1H-kb
     0.03%     0.03%     0.00%    10986:kworker/0:2-eve
     0.03%     0.03%     0.00%    11782:kworker/u16:4-w
     0.02%     0.02%     0.00%    11375:kworker/u16:2-e
     0.02%     0.00%     0.02%    14840:macompatsvc    
     0.02%     0.02%     0.00%    14804:kworker/3:2    
     0.02%     0.01%     0.02%    14831:ps             
     0.02%     0.01%     0.01%    14781:vmstat         
     0.02%     0.02%     0.00%    11278:kworker/7:0-mm_
     0.02%     0.01%     0.00%    14836:ps             
     0.02%     0.01%     0.01%    14821:systemctl      
     0.02%     0.02%     0.00%    11778:kworker/5:0-xfs
     0.02%     0.02%     0.00%    14828:unix_chkpwd    
     0.02%     0.02%     0.00%       16:pr/tty0        
     0.01%     0.01%     0.00%    11569:kworker/4:2-eve
     0.01%     0.01%     0.00%    14792:unix_chkpwd    
     0.01%     0.01%     0.00%    14798:kworker/1:1    
     0.01%     0.01%     0.00%    11512:kworker/u16:1-e
     0.01%     0.01%     0.00%    11346:kworker/2:2-mm_
     0.01%     0.01%     0.00%    11777:kworker/6:1-xfs
     0.01%     0.00%     0.01%    14696:MAMsgBus Client
     0.01%     0.00%     0.00%    14827:sudo           
     0.01%     0.01%     0.00%      774:xfsaild/dm-0   
     0.01%     0.00%     0.00%    14790:sudo           
     0.01%     0.01%     0.00%    14806:kworker/u16:0  
     0.01%     0.01%     0.00%      607:kworker/2:1H-xf
     0.01%     0.01%     0.00%    14789:perf           
     0.01%     0.00%     0.00%    14829:macmnsvc       
     0.01%     0.00%     0.00%    14825:masvc          
     0.00%     0.00%     0.00%      612:kworker/4:1H-xf
     0.00%     0.00%     0.00%        1:systemd        
     0.00%     0.00%     0.00%      348:kworker/5:1H-xf
     0.00%     0.00%     0.00%    11376:kworker/dying  
     0.00%     0.00%     0.00%    14811:ma             
     0.00%     0.00%     0.00%     4318:tmux: server   
     0.00%     0.00%     0.00%    14833:grep           
     0.00%     0.00%     0.00%    14824:sadc           
     0.00%     0.00%     0.00%       94:kworker/6:1H-kb
     0.00%     0.00%     0.00%      615:kworker/0:1H-kb
     0.00%     0.00%     0.00%       15:ksoftirqd/0    
     0.00%     0.00%     0.00%     7690:gmain          
     0.00%     0.00%     0.00%    14808:kworker/7:1    
     0.00%     0.00%     0.00%    14791:perf           
     0.00%     0.00%     0.00%     1036:irqbalance     
     0.00%     0.00%     0.00%     3065:macompatsvc    
     0.00%     0.00%     0.00%     1032:dbus-broker    
     0.00%     0.00%     0.00%      558:kworker/7:1H-xf
     0.00%     0.00%     0.00%    11816:fapolicyd      
     0.00%     0.00%     0.00%     1057:systemd-logind 
     0.00%     0.00%     0.00%       82:kcompactd0     
     0.00%     0.00%     0.00%      308:kworker/3:1H-kb
     0.00%     0.00%     0.00%    14796:xargs          
     0.00%     0.00%     0.00%    14698:MAMsgBus Client
     0.00%     0.00%     0.00%       37:ksoftirqd/3    
     0.00%     0.00%     0.00%    14794:bash           
     0.00%     0.00%     0.00%    14810:sh             
     0.00%     0.00%     0.00%    14809:crond          
     0.00%     0.00%     0.00%     1045:polkitd        
     0.00%     0.00%     0.00%    14690:mfetpd         
     0.00%     0.00%     0.00%       61:ksoftirqd/7    
     0.00%     0.00%     0.00%    11206:sshd           
     0.00%     0.00%     0.00%    14834:wc             
     0.00%     0.00%     0.00%    14830:ma             
     0.00%     0.00%     0.00%     1132:gmain          
     0.00%     0.00%     0.00%     1037:lsmd           
     0.00%     0.00%     0.00%    14838:grep           
     0.00%     0.00%     0.00%    11818:fapolicyd      
     0.00%     0.00%     0.00%       30:migration/2    
     0.00%     0.00%     0.00%      862:systemd-udevd  
     0.00%     0.00%     0.00%     3063:macompatsvc    
     0.00%     0.00%     0.00%       84:khugepaged     
     0.00%     0.00%     0.00%    14777:OAS Br WatchDog
     0.00%     0.00%     0.00%     3064:macompatsvc    
     0.00%     0.00%     0.00%    14716:mfetpd         
     0.00%     0.00%     0.00%     7689:packagekitd    
     0.00%     0.00%     0.00%       18:migration/0    
     0.00%     0.00%     0.00%       54:migration/6    
     0.00%     0.00%     0.00%       25:ksoftirqd/1    
     0.00%     0.00%     0.00%        2:kthreadd       


#
# (Tip: To count events in every 1000 msec: perf stat -I 1000)
#
