procs -----------memory---------- ---swap-- -----io---- -system-- ------cpu----- -----timestamp-----
 r  b   swpd   free   buff  cache   si   so    bi    bo   in   cs us sy id wa st                 EDT
 2  0      0 31810812      0 400500    0    0     1    11   29    6  0  0 100  0  0 2024-03-18 19:28:22
 1  0      0 32214032      0 120424    0    0 30814    99 2315 1895  2 10 87  0  0 2024-03-18 19:28:23
 1  0      0 32161812      0 139088    0    0  7229     0 2395 2619  2 10 88  0  0 2024-03-18 19:28:24
 1  0      0 32099868      0 162560    0    0  5460     0 1933 2217  1 11 88  0  0 2024-03-18 19:28:25
 1  0      0 32053268      0 184640    0    0  5000  8320 2190 2490  2 11 87  0  0 2024-03-18 19:28:26
 1  0      0 31988696      0 208900    0    0  5672     0 1953 2249  2 10 88  0  0 2024-03-18 19:28:27
 1  0      0 31926904      0 232048    0    0  5872     8 2006 2344  2 10 88  0  0 2024-03-18 19:28:28
 1  0      0 31900272      0 252832    0    0  4908  8320 2207 2510  2 11 87  0  0 2024-03-18 19:28:29
 1  0      0 31846928      0 275668    0    0  4956     0 1927 2167  2 11 88  0  0 2024-03-18 19:28:30
 1  0      0 31809044      0 297344    0    0  4148  8320 2130 2323  2 11 87  0  0 2024-03-18 19:28:31
 1  0      0 31767136      0 319060    0    0  5464     0 1909 2145  2 11 88  0  0 2024-03-18 19:28:32
 1  0      0 31700212      0 344540    0    0  5080     0 1901 2113  2 10 88  0  0 2024-03-18 19:28:33
 1  0      0 31667280      0 356128    0    0  5516  8640 2059 1764  6  7 87  0  0 2024-03-18 19:28:34
 1  0      0 31704256      0 355944    0    0   180     0  454  273  1  1 99  0  0 2024-03-18 19:28:35
 0  0      0 31703236      0 356920    0    0   364     0 1564  564  6  7 88  0  0 2024-03-18 19:28:36
 0  0      0 31702984      0 356928    0    0     0     0   81  105  0  0 100  0  0 2024-03-18 19:28:37
 0  0      0 31702984      0 356928    0    0     0     0   80  113  0  0 100  0  0 2024-03-18 19:28:38
 0  0      0 31702984      0 356928    0    0     0     8   90  107  0  0 100  0  0 2024-03-18 19:28:39
 0  0      0 31702984      0 356928    0    0     0     0   70   96  0  0 100  0  0 2024-03-18 19:28:40
 1  0      0 31702984      0 356928    0    0    64     0  208  148  0  0 99  0  0 2024-03-18 19:28:41
 1  0      0 31666444      0 356932    0    0     0     0 1884 1681  1 12 87  0  0 2024-03-18 19:28:42
procs -----------memory---------- ---swap-- -----io---- -system-- ------cpu----- -----timestamp-----
 r  b   swpd   free   buff  cache   si   so    bi    bo   in   cs us sy id wa st                 EDT
 1  0      0 31730768      0 356940    0    0     0 17175 2238 2604  1 14 85  0  0 2024-03-18 19:28:43
 0  0      0 31713384      0 356940    0    0    16     0  756  582  0  5 95  0  0 2024-03-18 19:28:44
 0  0      0 31713384      0 356940    0    0     0     0   85  122  0  0 100  0  0 2024-03-18 19:28:45
 0  0      0 31712884      0 356924    0    0     0     0   84  136  0  0 100  0  0 2024-03-18 19:28:46
 0  0      0 31729856      0 351668    0    0     0     0  213  213  0  1 99  0  0 2024-03-18 19:28:47
 0  0      0 31729856      0 351668    0    0     0     0   77  121  0  0 100  0  0 2024-03-18 19:28:48
 1  0      0 32250332      0  98952    0    0  6997  9316 1770 1433  1  8 91  0  0 2024-03-18 19:28:49
 2  0      0 32169692      0 135392    0    0 28777     0 3237 3828  3 13 84  0  0 2024-03-18 19:28:50
 2  0      0 32058104      0 177488    0    0  6420  8320 5000 6351  3 21 76  0  0 2024-03-18 19:28:51
 2  0      0 31959916      0 218836    0    0  6224 35272 5281 6086  3 22 75  0  0 2024-03-18 19:28:52
 2  0      0 31884180      0 260516    0    0  6220  8900 4842 5948  3 21 76  0  0 2024-03-18 19:28:53
 2  0      0 31775872      0 301116    0    0  6741  8336 5007 6278  3 21 76  0  0 2024-03-18 19:28:54
 2  0      0 31674064      0 343048    0    0  6260   256 4798 5954  3 21 77  0  0 2024-03-18 19:28:55
 3  0      0 31585652      0 385980    0    0  5416  8352 4724 5636  3 21 76  0  0 2024-03-18 19:28:56
 2  0      0 31499620      0 426532    0    0  6716  8096 4844 5997  3 21 76  0  0 2024-03-18 19:28:57
 1  0      0 31430288      0 467836    0    0  5372 42396 5020 5474  4 23 73  0  0 2024-03-18 19:28:58
 0  0      0 31377260      0 481536    0    0  5172     0 2154 1793  7  7 86  0  0 2024-03-18 19:28:59
 1  0      0 31411412      0 482488    0    0    80     0 1372  609  4  4 92  0  0 2024-03-18 19:29:00
 0  0      0 31416196      0 482592    0    0    84     0  764  306  2  3 95  0  0 2024-03-18 19:29:01
 0  0      0 31416196      0 482592    0    0     0     0  124  188  0  0 100  0  0 2024-03-18 19:29:02
 0  0      0 31416196      0 482592    0    0     0     0   89  154  0  0 100  0  0 2024-03-18 19:29:03
procs -----------memory---------- ---swap-- -----io---- -system-- ------cpu----- -----timestamp-----
 r  b   swpd   free   buff  cache   si   so    bi    bo   in   cs us sy id wa st                 EDT
 0  0      0 31416196      0 482592    0    0     0    12  141  187  0  0 100  0  0 2024-03-18 19:29:04
 0  0      0 31416196      0 482592    0    0     0     0   93  156  0  0 100  0  0 2024-03-18 19:29:05
 2  0      0 31398792      0 482592    0    0    64     0 6702 10957  1 14 85  0  0 2024-03-18 19:29:06
 4  0      0 31412160      0 481892    0    0     0 38488 14205 25101  1 24 75  0  0 2024-03-18 19:29:07
 3  0      0 31398148      0 481520    0    0     0  4028 13204 23039  1 23 76  0  0 2024-03-18 19:29:08
 2  0      0 31444048      0 481072    0    0     0 47405 13118 21032  1 25 73  0  0 2024-03-18 19:29:09
 3  0      0 31411572      0 479560    0    0     0     0 14381 25737  1 22 77  0  0 2024-03-18 19:29:10
 0  0      0 31507456      0 447900    0    0     0 12768 8340 13757  1 16 84  0  0 2024-03-18 19:29:11
 0  0      0 31507456      0 447900    0    0     0     0  106  157  0  0 100  0  0 2024-03-18 19:29:12
 0  0      0 31507456      0 447900    0    0     0     0   95  158  0  0 100  0  0 2024-03-18 19:29:13
 0  0      0 31507456      0 447900    0    0     0     0  113  184  0  0 100  0  0 2024-03-18 19:29:14
 0  0      0 31507456      0 447900    0    0     0     0  100  157  0  0 100  0  0 2024-03-18 19:29:15
 1  0      0 31929488      0 308748    0    0    72  2300 1125  661  1  6 93  0  0 2024-03-18 19:29:16
 4  0      0 32170088      0 130140    0    0 34251   199 4074 4828  3 14 82  0  0 2024-03-18 19:29:17
 2  0      0 31983180      0 195900    0    0  6084  8576 13012 19128  6 40 54  0  0 2024-03-18 19:29:18
 3  0      0 31840500      0 263040    0    0  5996 16448 14000 20792  6 41 53  0  0 2024-03-18 19:29:19
 4  1      0 31693228      0 329264    0    0  5452 30604 13616 19599  5 43 52  0  0 2024-03-18 19:29:20
 4  0      0 31562696      0 395036    0    0  6420 28689 13196 19235  6 42 52  0  0 2024-03-18 19:29:21
 6  0      0 31435084      0 459720    0    0  6368 49044 13761 19401  5 43 52  0  0 2024-03-18 19:29:22
 4  0      0 31315380      0 526056    0    0  5340 76267 14186 20072  6 43 52  0  0 2024-03-18 19:29:23
 1  0      0 31115392      0 593468    0    0  4976  8744 14060 21640  6 41 53  0  0 2024-03-18 19:29:24
procs -----------memory---------- ---swap-- -----io---- -system-- ------cpu----- -----timestamp-----
 r  b   swpd   free   buff  cache   si   so    bi    bo   in   cs us sy id wa st                 EDT
 6  0      0 30985724      0 657972    0    0  5844 45876 14592 21199  6 42 52  0  0 2024-03-18 19:29:25
 5  0      0 30838964      0 722080    0    0  5244  9768 14304 21629  5 42 53  0  0 2024-03-18 19:29:26
 0  0      0 30796196      0 731552    0    0  4360 34475 3042 3098  7  7 86  0  0 2024-03-18 19:29:27
 1  0      0 30821148      0 731568    0    0    16     0  879  358  2  3 95  0  0 2024-03-18 19:29:28
 0  0      0 30833216      0 733084    0    0   128     4 1170  460  5  4 91  0  0 2024-03-18 19:29:29
 0  0      0 30832964      0 733352    0    0     0     4  111  158  0  0 100  0  0 2024-03-18 19:29:30
 0  0      0 30832964      0 733352    0    0     0     0   76  124  0  0 100  0  0 2024-03-18 19:29:31
 0  0      0 30832964      0 733352    0    0     0     8  127  153  0  0 100  0  0 2024-03-18 19:29:32
 0  0      0 30832964      0 733352    0    0     0     0   77  120  0  0 100  0  0 2024-03-18 19:29:33
 4  0      0 30829256      0 733344    0    0    64   832 11078 24689  0 10 90  0  0 2024-03-18 19:29:34
 5  0      0 30807056      0 730540    0    0     0 12608 35678 83822  2 32 67  0  0 2024-03-18 19:29:35
 2  0      0 30834308      0 727964    0    0     0 40230 32019 73044  2 34 65  0  0 2024-03-18 19:29:36
 5  0      0 30807316      0 724512    0    0     0 12192 33229 83133  1 30 69  0  0 2024-03-18 19:29:37
 3  0      0 30863280      0 720820    0    0     0 22847 29496 68741  1 30 69  0  0 2024-03-18 19:29:38
 4  0      0 30931044      0 664552    0    0     0 12160 32930 74023  1 35 64  0  0 2024-03-18 19:29:39
 2  0      0 31130936      0 640696    0    0     0  5465 30168 67237  1 31 68  0  0 2024-03-18 19:29:40
 5  0      0 31106372      0 637516    0    0     0 13440 31115 76635  1 32 67  0  0 2024-03-18 19:29:41
 5  0      0 31345052      0 634532    0    0     0 15852 31861 77237  1 32 67  0  0 2024-03-18 19:29:42
 0  0      0 31318588      0 632280    0    0     0   914 17795 39752  1 19 80  0  0 2024-03-18 19:29:43
 0  0      0 31318588      0 632280    0    0     0  2128   94  114  0  0 100  0  0 2024-03-18 19:29:44
 0  0      0 31501972      0 539928    0    0     0     0  425  308  0  3 97  0  0 2024-03-18 19:29:45
procs -----------memory---------- ---swap-- -----io---- -system-- ------cpu----- -----timestamp-----
 r  b   swpd   free   buff  cache   si   so    bi    bo   in   cs us sy id wa st                 EDT
 0  0      0 31501972      0 539928    0    0     0     0   95  137  0  0 100  0  0 2024-03-18 19:29:46
 0  0      0 31501972      0 539928    0    0     0     0   74  123  0  0 100  0  0 2024-03-18 19:29:47
 2  0      0 31539232      0 505544    0    0    76    37  539  333  1  2 97  0  0 2024-03-18 19:29:48
 1  0      0 32211112      0 120212    0    0 30761  7581 2442 2208  2 12 86  0  0 2024-03-18 19:29:49
 7  0      0 31971296      0 204572    0    0  7370 16964 45649 79266 10 65 25  0  0 2024-03-18 19:29:50
 7  0      0 31722132      0 304408    0    0  4720 51052 46139 78852 10 73 17  0  0 2024-03-18 19:29:51
 7  0      0 31516696      0 407720    0    0  5244 55780 37919 61506 10 76 14  0  0 2024-03-18 19:29:52
 7  0      0 31276476      0 513080    0    0  4780 84701 39808 64992 11 76 13  0  0 2024-03-18 19:29:53
10  0      0 31054836      0 612264    0    0  4988 54104 41028 67844 10 74 16  0  0 2024-03-18 19:29:54
 4  0      0 30842964      0 711124    0    0  5188 48527 49975 86029 10 73 18  0  0 2024-03-18 19:29:55
 8  0      0 30628296      0 805828    0    0  4628 62062 41059 67830  9 70 20  0  0 2024-03-18 19:29:56
 4  0      0 30422516      0 899052    0    0  4000 77719 48850 82849  9 70 20  0  0 2024-03-18 19:29:57
 7  0      0 30236952      0 981576    0    0  3332 56676 41750 67674  9 65 27  0  0 2024-03-18 19:29:58
 3  0      0 30040072      0 1072704    0    0  4900 54485 51123 87304 10 70 20  0  0 2024-03-18 19:29:59
 1  0      0 29839812      0 1163392    0    0  4032 46479 54451 94195 10 70 21  0  0 2024-03-18 19:30:00
 0  0      0 29691264      0 1226880    0    0  2720 48635 35656 58631  8 49 44  0  0 2024-03-18 19:30:01
 1  0      0 29711120      0 1230156    0    0  3764     0 1180  883  6  1 93  0  0 2024-03-18 19:30:02
 1  0      0 29693912      0 1233692    0    0    28     0 1340  390  6  6 87  0  0 2024-03-18 19:30:03
 0  0      0 29714584      0 1233856    0    0    84     0  269  229  1  0 99  0  0 2024-03-18 19:30:04
 0  0      0 29714584      0 1233856    0    0     0     0   74  117  0  0 100  0  0 2024-03-18 19:30:05
 0  0      0 29714584      0 1233856    0    0     0  4372  174  205  0  0 100  0  0 2024-03-18 19:30:06
procs -----------memory---------- ---swap-- -----io---- -system-- ------cpu----- -----timestamp-----
 r  b   swpd   free   buff  cache   si   so    bi    bo   in   cs us sy id wa st                 EDT
 0  0      0 29714584      0 1233856    0    0     0     0   86  123  0  0 100  0  0 2024-03-18 19:30:07
 0  0      0 29714584      0 1233856    0    0     0     0   78  122  0  0 100  0  0 2024-03-18 19:30:08
 6  0      0 29671536      0 1230764    0    0    64     0 41572 118467  2 34 64  0  0 2024-03-18 19:30:09
 4  0      0 29702972      0 1225408    0    0     0 49446 40049 114239  2 36 62  0  0 2024-03-18 19:30:10
 6  0      0 29712856      0 1220748    0    0     0 35798 41441 117449  2 38 60  0  0 2024-03-18 19:30:11
 5  0      0 29703460      0 1213740    0    0     0 12389 50779 146759  2 38 60  0  0 2024-03-18 19:30:12
 3  0      0 29753268      0 1207212    0    0     0 14662 44746 129093  1 36 62  0  0 2024-03-18 19:30:13
 7  0      0 29986332      0 1042808    0    0     0   948 37008 108824  1 36 62  0  0 2024-03-18 19:30:14
 9  0      0 30121824      0 1037740    0    0     0 18079 35182 100841  1 34 65  0  0 2024-03-18 19:30:15
 3  0      0 30072804      0 1032352    0    0     0 12608 45657 133168  2 35 63  0  0 2024-03-18 19:30:16
 4  0      0 30207964      0 1027044    0    0     0 16848 35661 102116  1 35 64  0  0 2024-03-18 19:30:17
 4  0      0 30265528      0 1022764    0    0     0 18944 40820 115728  1 35 63  0  0 2024-03-18 19:30:18
 5  0      0 30325948      0 940060    0    0     0  9892 39628 115703  1 38 60  0  0 2024-03-18 19:30:19
 5  0      0 30580096      0 858044    0    0     0 16853 38226 108347  1 35 64  0  0 2024-03-18 19:30:20
 3  0      0 30545048      0 854040    0    0    18  1073 35148 100411  2 33 65  0  0 2024-03-18 19:30:21
 3  0      0 30630208      0 849064    0    0     0 23195 33205 96462  1 33 66  0  0 2024-03-18 19:30:22
 5  0      0 30698204      0 843308    0    0     0 27639 30896 86026  1 31 68  0  0 2024-03-18 19:30:23
 3  0      0 30669464      0 838260    0    0     0 12608 38560 107269  2 35 63  0  0 2024-03-18 19:30:24
 5  0      0 30971096      0 703740    0    0     0 19929 35014 107681  1 36 63  0  0 2024-03-18 19:30:25
 5  0      0 31028028      0 697888    0    0     0 27376 38233 114405  1 34 64  0  0 2024-03-18 19:30:26
 6  0      0 31002504      0 691604    0    0     0 13824 49918 144543  2 37 61  0  0 2024-03-18 19:30:27
procs -----------memory---------- ---swap-- -----io---- -system-- ------cpu----- -----timestamp-----
 r  b   swpd   free   buff  cache   si   so    bi    bo   in   cs us sy id wa st                 EDT
 1  0      0 31206168      0 685412    0    0     0 16432 30237 77147  1 30 69  0  0 2024-03-18 19:30:28
 0  0      0 31201848      0 684268    0    0     0     0 1133  992  0  3 97  0  0 2024-03-18 19:30:29
 1  0      0 31201848      0 683364    0    0     0     0  137  189  0  0 100  0  0 2024-03-18 19:30:30
 0  0      0 31440908      0 532560    0    0     0     0  507  403  0  4 96  0  0 2024-03-18 19:30:31
 0  0      0 31440908      0 532560    0    0     0     0   90  155  0  0 100  0  0 2024-03-18 19:30:32
 0  0      0 31440908      0 532560    0    0     0     0   93  158  0  0 100  0  0 2024-03-18 19:30:33
